16-Dec-2023 04:29:57.007 INFO [main] org.apache.catalina.startup.VersionLoggerListener.log 서버 버전 이름:    Apache Tomcat/9.0.82
16-Dec-2023 04:29:57.009 INFO [main] org.apache.catalina.startup.VersionLoggerListener.log Server 빌드 시각:  Oct 11 2023 13:15:08 UTC
16-Dec-2023 04:29:57.009 INFO [main] org.apache.catalina.startup.VersionLoggerListener.log Server 버전 번호:  9.0.82.0
16-Dec-2023 04:29:57.009 INFO [main] org.apache.catalina.startup.VersionLoggerListener.log 운영체제 이름:     Mac OS X
16-Dec-2023 04:29:57.009 INFO [main] org.apache.catalina.startup.VersionLoggerListener.log 운영체제 버전:     14.2
16-Dec-2023 04:29:57.009 INFO [main] org.apache.catalina.startup.VersionLoggerListener.log 아키텍처:          aarch64
16-Dec-2023 04:29:57.009 INFO [main] org.apache.catalina.startup.VersionLoggerListener.log 자바 홈:           /Library/Java/JavaVirtualMachines/jdk-11.jdk/Contents/Home
16-Dec-2023 04:29:57.009 INFO [main] org.apache.catalina.startup.VersionLoggerListener.log JVM 버전:          11.0.20+9-LTS-256
16-Dec-2023 04:29:57.009 INFO [main] org.apache.catalina.startup.VersionLoggerListener.log JVM 벤더:          Oracle Corporation
16-Dec-2023 04:29:57.009 INFO [main] org.apache.catalina.startup.VersionLoggerListener.log CATALINA_BASE:     /Users/chan6502/Desktop/apache-tomcat-9.0.82 2/apache-tomcat-9.0.82
16-Dec-2023 04:29:57.009 INFO [main] org.apache.catalina.startup.VersionLoggerListener.log CATALINA_HOME:     /Users/chan6502/Desktop/apache-tomcat-9.0.82 2/apache-tomcat-9.0.82
16-Dec-2023 04:29:57.057 INFO [main] org.apache.catalina.startup.VersionLoggerListener.log 명령 행 아규먼트:  --add-opens=java.base/java.lang=ALL-UNNAMED
16-Dec-2023 04:29:57.057 INFO [main] org.apache.catalina.startup.VersionLoggerListener.log 명령 행 아규먼트:  --add-opens=java.base/java.io=ALL-UNNAMED
16-Dec-2023 04:29:57.058 INFO [main] org.apache.catalina.startup.VersionLoggerListener.log 명령 행 아규먼트:  --add-opens=java.base/java.util=ALL-UNNAMED
16-Dec-2023 04:29:57.058 INFO [main] org.apache.catalina.startup.VersionLoggerListener.log 명령 행 아규먼트:  --add-opens=java.base/java.util.concurrent=ALL-UNNAMED
16-Dec-2023 04:29:57.058 INFO [main] org.apache.catalina.startup.VersionLoggerListener.log 명령 행 아규먼트:  --add-opens=java.rmi/sun.rmi.transport=ALL-UNNAMED
16-Dec-2023 04:29:57.058 INFO [main] org.apache.catalina.startup.VersionLoggerListener.log 명령 행 아규먼트:  -Djava.util.logging.config.file=/Users/chan6502/Desktop/apache-tomcat-9.0.82 2/apache-tomcat-9.0.82/conf/logging.properties
16-Dec-2023 04:29:57.058 INFO [main] org.apache.catalina.startup.VersionLoggerListener.log 명령 행 아규먼트:  -Djava.util.logging.manager=org.apache.juli.ClassLoaderLogManager
16-Dec-2023 04:29:57.058 INFO [main] org.apache.catalina.startup.VersionLoggerListener.log 명령 행 아규먼트:  -Djdk.tls.ephemeralDHKeySize=2048
16-Dec-2023 04:29:57.058 INFO [main] org.apache.catalina.startup.VersionLoggerListener.log 명령 행 아규먼트:  -Djava.protocol.handler.pkgs=org.apache.catalina.webresources
16-Dec-2023 04:29:57.058 INFO [main] org.apache.catalina.startup.VersionLoggerListener.log 명령 행 아규먼트:  -Dorg.apache.catalina.security.SecurityListener.UMASK=0027
16-Dec-2023 04:29:57.058 INFO [main] org.apache.catalina.startup.VersionLoggerListener.log 명령 행 아규먼트:  -Dignore.endorsed.dirs=
16-Dec-2023 04:29:57.058 INFO [main] org.apache.catalina.startup.VersionLoggerListener.log 명령 행 아규먼트:  -Dcatalina.base=/Users/chan6502/Desktop/apache-tomcat-9.0.82 2/apache-tomcat-9.0.82
16-Dec-2023 04:29:57.058 INFO [main] org.apache.catalina.startup.VersionLoggerListener.log 명령 행 아규먼트:  -Dcatalina.home=/Users/chan6502/Desktop/apache-tomcat-9.0.82 2/apache-tomcat-9.0.82
16-Dec-2023 04:29:57.058 INFO [main] org.apache.catalina.startup.VersionLoggerListener.log 명령 행 아규먼트:  -Djava.io.tmpdir=/Users/chan6502/Desktop/apache-tomcat-9.0.82 2/apache-tomcat-9.0.82/temp
16-Dec-2023 04:29:57.063 INFO [main] org.apache.catalina.core.AprLifecycleListener.lifecycleEvent 프로덕션 환경들에서 최적의 성능을 제공하는, APR 기반 Apache Tomcat Native 라이브러리가, 다음 java.library.path에서 발견되지 않습니다: [/Users/chan6502/Library/Java/Extensions:/Library/Java/Extensions:/Network/Library/Java/Extensions:/System/Library/Java/Extensions:/usr/lib/java:.]
16-Dec-2023 04:29:57.210 INFO [main] org.apache.coyote.AbstractProtocol.init 프로토콜 핸들러 ["http-nio-8080"]을(를) 초기화합니다.
16-Dec-2023 04:29:57.248 INFO [main] org.apache.catalina.startup.Catalina.load [355] 밀리초 내에 서버가 초기화되었습니다.
16-Dec-2023 04:29:57.275 INFO [main] org.apache.catalina.core.StandardService.startInternal 서비스 [Catalina]을(를) 시작합니다.
16-Dec-2023 04:29:57.275 INFO [main] org.apache.catalina.core.StandardEngine.startInternal 서버 엔진을 시작합니다: [Apache Tomcat/9.0.82]
16-Dec-2023 04:29:57.283 INFO [main] org.apache.catalina.startup.HostConfig.deployWAR 웹 애플리케이션 아카이브 [/Users/chan6502/Desktop/apache-tomcat-9.0.82 2/apache-tomcat-9.0.82/webapps/ROOT.war]을(를) 배치합니다.
16-Dec-2023 04:29:57.292 INFO [main] org.apache.catalina.startup.ExpandWar.expand 압축이 풀려진 디렉토리 [/Users/chan6502/Desktop/apache-tomcat-9.0.82 2/apache-tomcat-9.0.82/webapps/ROOT]의 최종 변경 시간이, 연관된 WAR의 최종 변경 시간과 부합하지 않습니다. 해당 디렉토리는 삭제될 것입니다.
16-Dec-2023 04:29:58.152 INFO [main] org.apache.jasper.servlet.TldScanner.scanJars 적어도 하나의 JAR가 TLD들을 찾기 위해 스캔되었으나 아무 것도 찾지 못했습니다. 스캔했으나 TLD가 없는 JAR들의 전체 목록을 보시려면, 로그 레벨을 디버그 레벨로 설정하십시오. 스캔 과정에서 불필요한 JAR들을 건너뛰면, 시스템 시작 시간과 JSP 컴파일 시간을 단축시킬 수 있습니다.
16-Dec-2023 04:29:58.854 INFO [main] org.apache.catalina.startup.HostConfig.deployWAR 웹 애플리케이션 아카이브 [/Users/chan6502/Desktop/apache-tomcat-9.0.82 2/apache-tomcat-9.0.82/webapps/ROOT.war]의 배치가 [1,570] 밀리초에 완료되었습니다.
16-Dec-2023 04:29:58.855 INFO [main] org.apache.catalina.startup.HostConfig.deployDirectory 웹 애플리케이션 디렉토리 [/Users/chan6502/Desktop/apache-tomcat-9.0.82 2/apache-tomcat-9.0.82/webapps/library]을(를) 배치합니다.
16-Dec-2023 04:29:59.309 INFO [main] org.apache.jasper.servlet.TldScanner.scanJars 적어도 하나의 JAR가 TLD들을 찾기 위해 스캔되었으나 아무 것도 찾지 못했습니다. 스캔했으나 TLD가 없는 JAR들의 전체 목록을 보시려면, 로그 레벨을 디버그 레벨로 설정하십시오. 스캔 과정에서 불필요한 JAR들을 건너뛰면, 시스템 시작 시간과 JSP 컴파일 시간을 단축시킬 수 있습니다.
16-Dec-2023 04:29:59.691 INFO [main] org.apache.catalina.startup.HostConfig.deployDirectory 웹 애플리케이션 디렉토리 [/Users/chan6502/Desktop/apache-tomcat-9.0.82 2/apache-tomcat-9.0.82/webapps/library]에 대한 배치가 [836] 밀리초에 완료되었습니다.
16-Dec-2023 04:29:59.691 INFO [main] org.apache.catalina.startup.HostConfig.deployDirectory 웹 애플리케이션 디렉토리 [/Users/chan6502/Desktop/apache-tomcat-9.0.82 2/apache-tomcat-9.0.82/webapps/docs]을(를) 배치합니다.
16-Dec-2023 04:29:59.703 INFO [main] org.apache.catalina.startup.HostConfig.deployDirectory 웹 애플리케이션 디렉토리 [/Users/chan6502/Desktop/apache-tomcat-9.0.82 2/apache-tomcat-9.0.82/webapps/docs]에 대한 배치가 [12] 밀리초에 완료되었습니다.
16-Dec-2023 04:29:59.703 INFO [main] org.apache.catalina.startup.HostConfig.deployDirectory 웹 애플리케이션 디렉토리 [/Users/chan6502/Desktop/apache-tomcat-9.0.82 2/apache-tomcat-9.0.82/webapps/manager]을(를) 배치합니다.
16-Dec-2023 04:29:59.717 INFO [main] org.apache.catalina.startup.HostConfig.deployDirectory 웹 애플리케이션 디렉토리 [/Users/chan6502/Desktop/apache-tomcat-9.0.82 2/apache-tomcat-9.0.82/webapps/manager]에 대한 배치가 [14] 밀리초에 완료되었습니다.
16-Dec-2023 04:29:59.717 INFO [main] org.apache.catalina.startup.HostConfig.deployDirectory 웹 애플리케이션 디렉토리 [/Users/chan6502/Desktop/apache-tomcat-9.0.82 2/apache-tomcat-9.0.82/webapps/examples]을(를) 배치합니다.
16-Dec-2023 04:29:59.781 INFO [main] org.apache.catalina.startup.HostConfig.deployDirectory 웹 애플리케이션 디렉토리 [/Users/chan6502/Desktop/apache-tomcat-9.0.82 2/apache-tomcat-9.0.82/webapps/examples]에 대한 배치가 [64] 밀리초에 완료되었습니다.
16-Dec-2023 04:29:59.781 INFO [main] org.apache.catalina.startup.HostConfig.deployDirectory 웹 애플리케이션 디렉토리 [/Users/chan6502/Desktop/apache-tomcat-9.0.82 2/apache-tomcat-9.0.82/webapps/host-manager]을(를) 배치합니다.
16-Dec-2023 04:29:59.788 INFO [main] org.apache.catalina.startup.HostConfig.deployDirectory 웹 애플리케이션 디렉토리 [/Users/chan6502/Desktop/apache-tomcat-9.0.82 2/apache-tomcat-9.0.82/webapps/host-manager]에 대한 배치가 [7] 밀리초에 완료되었습니다.
16-Dec-2023 04:29:59.791 INFO [main] org.apache.coyote.AbstractProtocol.start 프로토콜 핸들러 ["http-nio-8080"]을(를) 시작합니다.
16-Dec-2023 04:29:59.796 INFO [main] org.apache.catalina.startup.Catalina.start 서버가 [2547] 밀리초 내에 시작되었습니다.
16-Dec-2023 04:30:40.357 INFO [main] org.apache.catalina.core.StandardServer.await 셧다운 포트를 통해 유효한 셧다운 명령을 받았습니다. 서버 인스턴스를 중지시킵니다.
16-Dec-2023 04:30:40.357 INFO [main] org.apache.coyote.AbstractProtocol.pause 프로토콜 핸들러 ["http-nio-8080"]을(를) 일시 정지 중
16-Dec-2023 04:30:40.359 INFO [main] org.apache.catalina.core.StandardService.stopInternal 서비스 [Catalina]을(를) 중지시킵니다.
16-Dec-2023 04:30:40.369 WARNING [main] org.apache.catalina.loader.WebappClassLoaderBase.clearReferencesJdbc 웹 애플리케이션 [ROOT]이(가) JDBC 드라이버 [org.mariadb.jdbc.Driver]을(를) 등록했지만, 웹 애플리케이션이 중지될 때, 해당 JDBC 드라이버의 등록을 제거하지 못했습니다. 메모리 누수를 방지하기 위하여, 등록을 강제로 제거했습니다.
16-Dec-2023 04:30:40.376 WARNING [main] org.apache.catalina.loader.WebappClassLoaderBase.clearReferencesJdbc 웹 애플리케이션 [library]이(가) JDBC 드라이버 [org.mariadb.jdbc.Driver]을(를) 등록했지만, 웹 애플리케이션이 중지될 때, 해당 JDBC 드라이버의 등록을 제거하지 못했습니다. 메모리 누수를 방지하기 위하여, 등록을 강제로 제거했습니다.
16-Dec-2023 04:30:40.381 INFO [main] org.apache.coyote.AbstractProtocol.stop 프로토콜 핸들러 ["http-nio-8080"]을(를) 중지시킵니다.
16-Dec-2023 04:30:40.384 INFO [main] org.apache.coyote.AbstractProtocol.destroy 프로토콜 핸들러 ["http-nio-8080"]을(를) 소멸시킵니다.
