NOTE: Picked up JDK_JAVA_OPTIONS:  --add-opens=java.base/java.lang=ALL-UNNAMED --add-opens=java.base/java.io=ALL-UNNAMED --add-opens=java.base/java.util=ALL-UNNAMED --add-opens=java.base/java.util.concurrent=ALL-UNNAMED --add-opens=java.rmi/sun.rmi.transport=ALL-UNNAMED
14-Nov-2023 20:50:02.923 정보 [main] org.apache.catalina.startup.VersionLoggerListener.log 서버 버전 이름:    Apache Tomcat/9.0.82
14-Nov-2023 20:50:02.933 정보 [main] org.apache.catalina.startup.VersionLoggerListener.log Server 빌드 시각:  Oct 11 2023 13:15:08 UTC
14-Nov-2023 20:50:02.933 정보 [main] org.apache.catalina.startup.VersionLoggerListener.log Server 버전 번호:  9.0.82.0
14-Nov-2023 20:50:02.934 정보 [main] org.apache.catalina.startup.VersionLoggerListener.log 운영체제 이름:     Mac OS X
14-Nov-2023 20:50:02.934 정보 [main] org.apache.catalina.startup.VersionLoggerListener.log 운영체제 버전:     14.1.1
14-Nov-2023 20:50:02.934 정보 [main] org.apache.catalina.startup.VersionLoggerListener.log 아키텍처:          x86_64
14-Nov-2023 20:50:02.934 정보 [main] org.apache.catalina.startup.VersionLoggerListener.log 자바 홈:           /Library/Java/JavaVirtualMachines/zulu-11.jdk/Contents/Home
14-Nov-2023 20:50:02.935 정보 [main] org.apache.catalina.startup.VersionLoggerListener.log JVM 버전:          11.0.20.1+1-LTS
14-Nov-2023 20:50:02.935 정보 [main] org.apache.catalina.startup.VersionLoggerListener.log JVM 벤더:          Azul Systems, Inc.
14-Nov-2023 20:50:02.935 정보 [main] org.apache.catalina.startup.VersionLoggerListener.log CATALINA_BASE:     /Users/chan6502/Desktop/apache-tomcat-9.0.82/apache-tomcat-9.0.82
14-Nov-2023 20:50:02.935 정보 [main] org.apache.catalina.startup.VersionLoggerListener.log CATALINA_HOME:     /Users/chan6502/Desktop/apache-tomcat-9.0.82/apache-tomcat-9.0.82
14-Nov-2023 20:50:02.970 정보 [main] org.apache.catalina.startup.VersionLoggerListener.log 명령 행 아규먼트:  --add-opens=java.base/java.lang=ALL-UNNAMED
14-Nov-2023 20:50:02.970 정보 [main] org.apache.catalina.startup.VersionLoggerListener.log 명령 행 아규먼트:  --add-opens=java.base/java.io=ALL-UNNAMED
14-Nov-2023 20:50:02.971 정보 [main] org.apache.catalina.startup.VersionLoggerListener.log 명령 행 아규먼트:  --add-opens=java.base/java.util=ALL-UNNAMED
14-Nov-2023 20:50:02.971 정보 [main] org.apache.catalina.startup.VersionLoggerListener.log 명령 행 아규먼트:  --add-opens=java.base/java.util.concurrent=ALL-UNNAMED
14-Nov-2023 20:50:02.971 정보 [main] org.apache.catalina.startup.VersionLoggerListener.log 명령 행 아규먼트:  --add-opens=java.rmi/sun.rmi.transport=ALL-UNNAMED
14-Nov-2023 20:50:02.971 정보 [main] org.apache.catalina.startup.VersionLoggerListener.log 명령 행 아규먼트:  -Djava.util.logging.config.file=/Users/chan6502/Desktop/apache-tomcat-9.0.82/apache-tomcat-9.0.82/conf/logging.properties
14-Nov-2023 20:50:02.972 정보 [main] org.apache.catalina.startup.VersionLoggerListener.log 명령 행 아규먼트:  -Djava.util.logging.manager=org.apache.juli.ClassLoaderLogManager
14-Nov-2023 20:50:02.973 정보 [main] org.apache.catalina.startup.VersionLoggerListener.log 명령 행 아규먼트:  -Djdk.tls.ephemeralDHKeySize=2048
14-Nov-2023 20:50:02.973 정보 [main] org.apache.catalina.startup.VersionLoggerListener.log 명령 행 아규먼트:  -Djava.protocol.handler.pkgs=org.apache.catalina.webresources
14-Nov-2023 20:50:02.973 정보 [main] org.apache.catalina.startup.VersionLoggerListener.log 명령 행 아규먼트:  -Dorg.apache.catalina.security.SecurityListener.UMASK=0027
14-Nov-2023 20:50:02.973 정보 [main] org.apache.catalina.startup.VersionLoggerListener.log 명령 행 아규먼트:  -Dignore.endorsed.dirs=
14-Nov-2023 20:50:02.973 정보 [main] org.apache.catalina.startup.VersionLoggerListener.log 명령 행 아규먼트:  -Dcatalina.base=/Users/chan6502/Desktop/apache-tomcat-9.0.82/apache-tomcat-9.0.82
14-Nov-2023 20:50:02.974 정보 [main] org.apache.catalina.startup.VersionLoggerListener.log 명령 행 아규먼트:  -Dcatalina.home=/Users/chan6502/Desktop/apache-tomcat-9.0.82/apache-tomcat-9.0.82
14-Nov-2023 20:50:02.975 정보 [main] org.apache.catalina.startup.VersionLoggerListener.log 명령 행 아규먼트:  -Djava.io.tmpdir=/Users/chan6502/Desktop/apache-tomcat-9.0.82/apache-tomcat-9.0.82/temp
14-Nov-2023 20:50:02.988 정보 [main] org.apache.catalina.core.AprLifecycleListener.lifecycleEvent 프로덕션 환경들에서 최적의 성능을 제공하는, APR 기반 Apache Tomcat Native 라이브러리가, 다음 java.library.path에서 발견되지 않습니다: [/Users/chan6502/Library/Java/Extensions:/Library/Java/Extensions:/Network/Library/Java/Extensions:/System/Library/Java/Extensions:/usr/lib/java:.]
14-Nov-2023 20:50:03.541 정보 [main] org.apache.coyote.AbstractProtocol.init 프로토콜 핸들러 ["http-nio-8080"]을(를) 초기화합니다.
14-Nov-2023 20:50:03.611 정보 [main] org.apache.catalina.startup.Catalina.load [977] 밀리초 내에 서버가 초기화되었습니다.
14-Nov-2023 20:50:03.760 정보 [main] org.apache.catalina.core.StandardService.startInternal 서비스 [Catalina]을(를) 시작합니다.
14-Nov-2023 20:50:03.760 정보 [main] org.apache.catalina.core.StandardEngine.startInternal 서버 엔진을 시작합니다: [Apache Tomcat/9.0.82]
14-Nov-2023 20:50:03.767 정보 [main] org.apache.catalina.startup.HostConfig.deployDirectory 웹 애플리케이션 디렉토리 [/Users/chan6502/Desktop/apache-tomcat-9.0.82/apache-tomcat-9.0.82/webapps/BookrentalPjt_war#admin]을(를) 배치합니다.
14-Nov-2023 20:50:05.592 정보 [main] org.apache.jasper.servlet.TldScanner.scanJars 적어도 하나의 JAR가 TLD들을 찾기 위해 스캔되었으나 아무 것도 찾지 못했습니다. 스캔했으나 TLD가 없는 JAR들의 전체 목록을 보시려면, 로그 레벨을 디버그 레벨로 설정하십시오. 스캔 과정에서 불필요한 JAR들을 건너뛰면, 시스템 시작 시간과 JSP 컴파일 시간을 단축시킬 수 있습니다.
SLF4J: Failed to load class "org.slf4j.impl.StaticLoggerBinder".
SLF4J: Defaulting to no-operation (NOP) logger implementation
SLF4J: See http://www.slf4j.org/codes.html#StaticLoggerBinder for further details.
14-Nov-2023 20:50:07.054 정보 [main] org.apache.catalina.startup.HostConfig.deployDirectory 웹 애플리케이션 디렉토리 [/Users/chan6502/Desktop/apache-tomcat-9.0.82/apache-tomcat-9.0.82/webapps/BookrentalPjt_war#admin]에 대한 배치가 [3,281] 밀리초에 완료되었습니다.
14-Nov-2023 20:50:07.055 정보 [main] org.apache.catalina.startup.HostConfig.deployDirectory 웹 애플리케이션 디렉토리 [/Users/chan6502/Desktop/apache-tomcat-9.0.82/apache-tomcat-9.0.82/webapps/library]을(를) 배치합니다.
14-Nov-2023 20:50:07.982 정보 [main] org.apache.jasper.servlet.TldScanner.scanJars 적어도 하나의 JAR가 TLD들을 찾기 위해 스캔되었으나 아무 것도 찾지 못했습니다. 스캔했으나 TLD가 없는 JAR들의 전체 목록을 보시려면, 로그 레벨을 디버그 레벨로 설정하십시오. 스캔 과정에서 불필요한 JAR들을 건너뛰면, 시스템 시작 시간과 JSP 컴파일 시간을 단축시킬 수 있습니다.
log4j:WARN No appenders could be found for logger (org.springframework.web.context.ContextLoader).
log4j:WARN Please initialize the log4j system properly.
14-Nov-2023 20:50:09.349 정보 [main] org.apache.catalina.startup.HostConfig.deployDirectory 웹 애플리케이션 디렉토리 [/Users/chan6502/Desktop/apache-tomcat-9.0.82/apache-tomcat-9.0.82/webapps/library]에 대한 배치가 [2,294] 밀리초에 완료되었습니다.
14-Nov-2023 20:50:09.351 정보 [main] org.apache.catalina.startup.HostConfig.deployDirectory 웹 애플리케이션 디렉토리 [/Users/chan6502/Desktop/apache-tomcat-9.0.82/apache-tomcat-9.0.82/webapps/docs]을(를) 배치합니다.
14-Nov-2023 20:50:09.434 정보 [main] org.apache.catalina.startup.HostConfig.deployDirectory 웹 애플리케이션 디렉토리 [/Users/chan6502/Desktop/apache-tomcat-9.0.82/apache-tomcat-9.0.82/webapps/docs]에 대한 배치가 [82] 밀리초에 완료되었습니다.
14-Nov-2023 20:50:09.434 정보 [main] org.apache.catalina.startup.HostConfig.deployDirectory 웹 애플리케이션 디렉토리 [/Users/chan6502/Desktop/apache-tomcat-9.0.82/apache-tomcat-9.0.82/webapps/manager]을(를) 배치합니다.
14-Nov-2023 20:50:09.508 정보 [main] org.apache.catalina.startup.HostConfig.deployDirectory 웹 애플리케이션 디렉토리 [/Users/chan6502/Desktop/apache-tomcat-9.0.82/apache-tomcat-9.0.82/webapps/manager]에 대한 배치가 [73] 밀리초에 완료되었습니다.
14-Nov-2023 20:50:09.508 정보 [main] org.apache.catalina.startup.HostConfig.deployDirectory 웹 애플리케이션 디렉토리 [/Users/chan6502/Desktop/apache-tomcat-9.0.82/apache-tomcat-9.0.82/webapps/examples]을(를) 배치합니다.
14-Nov-2023 20:50:09.759 정보 [main] org.apache.catalina.startup.HostConfig.deployDirectory 웹 애플리케이션 디렉토리 [/Users/chan6502/Desktop/apache-tomcat-9.0.82/apache-tomcat-9.0.82/webapps/examples]에 대한 배치가 [250] 밀리초에 완료되었습니다.
14-Nov-2023 20:50:09.759 정보 [main] org.apache.catalina.startup.HostConfig.deployDirectory 웹 애플리케이션 디렉토리 [/Users/chan6502/Desktop/apache-tomcat-9.0.82/apache-tomcat-9.0.82/webapps/ROOT]을(를) 배치합니다.
14-Nov-2023 20:50:10.518 정보 [main] org.apache.jasper.servlet.TldScanner.scanJars 적어도 하나의 JAR가 TLD들을 찾기 위해 스캔되었으나 아무 것도 찾지 못했습니다. 스캔했으나 TLD가 없는 JAR들의 전체 목록을 보시려면, 로그 레벨을 디버그 레벨로 설정하십시오. 스캔 과정에서 불필요한 JAR들을 건너뛰면, 시스템 시작 시간과 JSP 컴파일 시간을 단축시킬 수 있습니다.
SLF4J: Failed to load class "org.slf4j.impl.StaticLoggerBinder".
SLF4J: Defaulting to no-operation (NOP) logger implementation
SLF4J: See http://www.slf4j.org/codes.html#StaticLoggerBinder for further details.
14-Nov-2023 20:50:11.385 정보 [main] org.apache.catalina.startup.HostConfig.deployDirectory 웹 애플리케이션 디렉토리 [/Users/chan6502/Desktop/apache-tomcat-9.0.82/apache-tomcat-9.0.82/webapps/ROOT]에 대한 배치가 [1,624] 밀리초에 완료되었습니다.
14-Nov-2023 20:50:11.386 정보 [main] org.apache.catalina.startup.HostConfig.deployDirectory 웹 애플리케이션 디렉토리 [/Users/chan6502/Desktop/apache-tomcat-9.0.82/apache-tomcat-9.0.82/webapps/host-manager]을(를) 배치합니다.
14-Nov-2023 20:50:11.427 정보 [main] org.apache.catalina.startup.HostConfig.deployDirectory 웹 애플리케이션 디렉토리 [/Users/chan6502/Desktop/apache-tomcat-9.0.82/apache-tomcat-9.0.82/webapps/host-manager]에 대한 배치가 [42] 밀리초에 완료되었습니다.
14-Nov-2023 20:50:11.444 정보 [main] org.apache.coyote.AbstractProtocol.start 프로토콜 핸들러 ["http-nio-8080"]을(를) 시작합니다.
14-Nov-2023 20:50:11.461 정보 [main] org.apache.catalina.startup.Catalina.start 서버가 [7849] 밀리초 내에 시작되었습니다.
NOTE: Picked up JDK_JAVA_OPTIONS:  --add-opens=java.base/java.lang=ALL-UNNAMED --add-opens=java.base/java.io=ALL-UNNAMED --add-opens=java.base/java.util=ALL-UNNAMED --add-opens=java.base/java.util.concurrent=ALL-UNNAMED --add-opens=java.rmi/sun.rmi.transport=ALL-UNNAMED
14-Nov-2023 20:50:13.542 정보 [main] org.apache.catalina.startup.VersionLoggerListener.log 서버 버전 이름:    Apache Tomcat/9.0.82
14-Nov-2023 20:50:13.554 정보 [main] org.apache.catalina.startup.VersionLoggerListener.log Server 빌드 시각:  Oct 11 2023 13:15:08 UTC
14-Nov-2023 20:50:13.555 정보 [main] org.apache.catalina.startup.VersionLoggerListener.log Server 버전 번호:  9.0.82.0
14-Nov-2023 20:50:13.555 정보 [main] org.apache.catalina.startup.VersionLoggerListener.log 운영체제 이름:     Mac OS X
14-Nov-2023 20:50:13.555 정보 [main] org.apache.catalina.startup.VersionLoggerListener.log 운영체제 버전:     14.1.1
14-Nov-2023 20:50:13.555 정보 [main] org.apache.catalina.startup.VersionLoggerListener.log 아키텍처:          x86_64
14-Nov-2023 20:50:13.556 정보 [main] org.apache.catalina.startup.VersionLoggerListener.log 자바 홈:           /Library/Java/JavaVirtualMachines/zulu-11.jdk/Contents/Home
14-Nov-2023 20:50:13.556 정보 [main] org.apache.catalina.startup.VersionLoggerListener.log JVM 버전:          11.0.20.1+1-LTS
14-Nov-2023 20:50:13.556 정보 [main] org.apache.catalina.startup.VersionLoggerListener.log JVM 벤더:          Azul Systems, Inc.
14-Nov-2023 20:50:13.556 정보 [main] org.apache.catalina.startup.VersionLoggerListener.log CATALINA_BASE:     /Users/chan6502/Desktop/apache-tomcat-9.0.82/apache-tomcat-9.0.82
14-Nov-2023 20:50:13.556 정보 [main] org.apache.catalina.startup.VersionLoggerListener.log CATALINA_HOME:     /Users/chan6502/Desktop/apache-tomcat-9.0.82/apache-tomcat-9.0.82
14-Nov-2023 20:50:13.582 정보 [main] org.apache.catalina.startup.VersionLoggerListener.log 명령 행 아규먼트:  --add-opens=java.base/java.lang=ALL-UNNAMED
14-Nov-2023 20:50:13.582 정보 [main] org.apache.catalina.startup.VersionLoggerListener.log 명령 행 아규먼트:  --add-opens=java.base/java.io=ALL-UNNAMED
14-Nov-2023 20:50:13.582 정보 [main] org.apache.catalina.startup.VersionLoggerListener.log 명령 행 아규먼트:  --add-opens=java.base/java.util=ALL-UNNAMED
14-Nov-2023 20:50:13.582 정보 [main] org.apache.catalina.startup.VersionLoggerListener.log 명령 행 아규먼트:  --add-opens=java.base/java.util.concurrent=ALL-UNNAMED
14-Nov-2023 20:50:13.583 정보 [main] org.apache.catalina.startup.VersionLoggerListener.log 명령 행 아규먼트:  --add-opens=java.rmi/sun.rmi.transport=ALL-UNNAMED
14-Nov-2023 20:50:13.583 정보 [main] org.apache.catalina.startup.VersionLoggerListener.log 명령 행 아규먼트:  -Djava.util.logging.config.file=/Users/chan6502/Desktop/apache-tomcat-9.0.82/apache-tomcat-9.0.82/conf/logging.properties
14-Nov-2023 20:50:13.583 정보 [main] org.apache.catalina.startup.VersionLoggerListener.log 명령 행 아규먼트:  -Djava.util.logging.manager=org.apache.juli.ClassLoaderLogManager
14-Nov-2023 20:50:13.583 정보 [main] org.apache.catalina.startup.VersionLoggerListener.log 명령 행 아규먼트:  -Djdk.tls.ephemeralDHKeySize=2048
14-Nov-2023 20:50:13.583 정보 [main] org.apache.catalina.startup.VersionLoggerListener.log 명령 행 아규먼트:  -Djava.protocol.handler.pkgs=org.apache.catalina.webresources
14-Nov-2023 20:50:13.583 정보 [main] org.apache.catalina.startup.VersionLoggerListener.log 명령 행 아규먼트:  -Dorg.apache.catalina.security.SecurityListener.UMASK=0027
14-Nov-2023 20:50:13.583 정보 [main] org.apache.catalina.startup.VersionLoggerListener.log 명령 행 아규먼트:  -Dignore.endorsed.dirs=
14-Nov-2023 20:50:13.584 정보 [main] org.apache.catalina.startup.VersionLoggerListener.log 명령 행 아규먼트:  -Dcatalina.base=/Users/chan6502/Desktop/apache-tomcat-9.0.82/apache-tomcat-9.0.82
14-Nov-2023 20:50:13.584 정보 [main] org.apache.catalina.startup.VersionLoggerListener.log 명령 행 아규먼트:  -Dcatalina.home=/Users/chan6502/Desktop/apache-tomcat-9.0.82/apache-tomcat-9.0.82
14-Nov-2023 20:50:13.584 정보 [main] org.apache.catalina.startup.VersionLoggerListener.log 명령 행 아규먼트:  -Djava.io.tmpdir=/Users/chan6502/Desktop/apache-tomcat-9.0.82/apache-tomcat-9.0.82/temp
14-Nov-2023 20:50:13.600 정보 [main] org.apache.catalina.core.AprLifecycleListener.lifecycleEvent 프로덕션 환경들에서 최적의 성능을 제공하는, APR 기반 Apache Tomcat Native 라이브러리가, 다음 java.library.path에서 발견되지 않습니다: [/Users/chan6502/Library/Java/Extensions:/Library/Java/Extensions:/Network/Library/Java/Extensions:/System/Library/Java/Extensions:/usr/lib/java:.]
14-Nov-2023 20:50:14.159 정보 [main] org.apache.coyote.AbstractProtocol.init 프로토콜 핸들러 ["http-nio-8080"]을(를) 초기화합니다.
14-Nov-2023 20:50:14.196 심각 [main] org.apache.catalina.util.LifecycleBase.handleSubClassException 구성요소 [Connector["http-nio-8080"]]을(를) 초기화하지 못했습니다.
	org.apache.catalina.LifecycleException: 프로토콜 핸들러 초기화가 실패했습니다.
		at org.apache.catalina.connector.Connector.initInternal(Connector.java:1011)
		at org.apache.catalina.util.LifecycleBase.init(LifecycleBase.java:127)
		at org.apache.catalina.core.StandardService.initInternal(StandardService.java:554)
		at org.apache.catalina.util.LifecycleBase.init(LifecycleBase.java:127)
		at org.apache.catalina.core.StandardServer.initInternal(StandardServer.java:1039)
		at org.apache.catalina.util.LifecycleBase.init(LifecycleBase.java:127)
		at org.apache.catalina.startup.Catalina.load(Catalina.java:724)
		at org.apache.catalina.startup.Catalina.load(Catalina.java:746)
		at java.base/jdk.internal.reflect.NativeMethodAccessorImpl.invoke0(Native Method)
		at java.base/jdk.internal.reflect.NativeMethodAccessorImpl.invoke(NativeMethodAccessorImpl.java:62)
		at java.base/jdk.internal.reflect.DelegatingMethodAccessorImpl.invoke(DelegatingMethodAccessorImpl.java:43)
		at java.base/java.lang.reflect.Method.invoke(Method.java:566)
		at org.apache.catalina.startup.Bootstrap.load(Bootstrap.java:307)
		at org.apache.catalina.startup.Bootstrap.main(Bootstrap.java:477)
	Caused by: java.net.BindException: Address already in use
		at java.base/sun.nio.ch.Net.bind0(Native Method)
		at java.base/sun.nio.ch.Net.bind(Net.java:459)
		at java.base/sun.nio.ch.Net.bind(Net.java:448)
		at java.base/sun.nio.ch.ServerSocketChannelImpl.bind(ServerSocketChannelImpl.java:227)
		at org.apache.tomcat.util.net.NioEndpoint.initServerSocket(NioEndpoint.java:276)
		at org.apache.tomcat.util.net.NioEndpoint.bind(NioEndpoint.java:231)
		at org.apache.tomcat.util.net.AbstractEndpoint.bindWithCleanup(AbstractEndpoint.java:1326)
		at org.apache.tomcat.util.net.AbstractEndpoint.init(AbstractEndpoint.java:1339)
		at org.apache.coyote.AbstractProtocol.init(AbstractProtocol.java:654)
		at org.apache.coyote.http11.AbstractHttp11Protocol.init(AbstractHttp11Protocol.java:75)
		at org.apache.catalina.connector.Connector.initInternal(Connector.java:1009)
		... 13 more
14-Nov-2023 20:50:14.201 정보 [main] org.apache.catalina.startup.Catalina.load [974] 밀리초 내에 서버가 초기화되었습니다.
14-Nov-2023 20:50:14.331 정보 [main] org.apache.catalina.core.StandardService.startInternal 서비스 [Catalina]을(를) 시작합니다.
14-Nov-2023 20:50:14.333 정보 [main] org.apache.catalina.core.StandardEngine.startInternal 서버 엔진을 시작합니다: [Apache Tomcat/9.0.82]
14-Nov-2023 20:50:14.344 정보 [main] org.apache.catalina.startup.HostConfig.deployDirectory 웹 애플리케이션 디렉토리 [/Users/chan6502/Desktop/apache-tomcat-9.0.82/apache-tomcat-9.0.82/webapps/BookrentalPjt_war#admin]을(를) 배치합니다.
14-Nov-2023 20:50:16.040 정보 [main] org.apache.jasper.servlet.TldScanner.scanJars 적어도 하나의 JAR가 TLD들을 찾기 위해 스캔되었으나 아무 것도 찾지 못했습니다. 스캔했으나 TLD가 없는 JAR들의 전체 목록을 보시려면, 로그 레벨을 디버그 레벨로 설정하십시오. 스캔 과정에서 불필요한 JAR들을 건너뛰면, 시스템 시작 시간과 JSP 컴파일 시간을 단축시킬 수 있습니다.
SLF4J: Failed to load class "org.slf4j.impl.StaticLoggerBinder".
SLF4J: Defaulting to no-operation (NOP) logger implementation
SLF4J: See http://www.slf4j.org/codes.html#StaticLoggerBinder for further details.
14-Nov-2023 20:50:17.512 정보 [main] org.apache.catalina.startup.HostConfig.deployDirectory 웹 애플리케이션 디렉토리 [/Users/chan6502/Desktop/apache-tomcat-9.0.82/apache-tomcat-9.0.82/webapps/BookrentalPjt_war#admin]에 대한 배치가 [3,162] 밀리초에 완료되었습니다.
14-Nov-2023 20:50:17.513 정보 [main] org.apache.catalina.startup.HostConfig.deployDirectory 웹 애플리케이션 디렉토리 [/Users/chan6502/Desktop/apache-tomcat-9.0.82/apache-tomcat-9.0.82/webapps/library]을(를) 배치합니다.
14-Nov-2023 20:50:18.360 정보 [main] org.apache.jasper.servlet.TldScanner.scanJars 적어도 하나의 JAR가 TLD들을 찾기 위해 스캔되었으나 아무 것도 찾지 못했습니다. 스캔했으나 TLD가 없는 JAR들의 전체 목록을 보시려면, 로그 레벨을 디버그 레벨로 설정하십시오. 스캔 과정에서 불필요한 JAR들을 건너뛰면, 시스템 시작 시간과 JSP 컴파일 시간을 단축시킬 수 있습니다.
log4j:WARN No appenders could be found for logger (org.springframework.web.context.ContextLoader).
log4j:WARN Please initialize the log4j system properly.
14-Nov-2023 20:50:19.622 정보 [main] org.apache.catalina.startup.HostConfig.deployDirectory 웹 애플리케이션 디렉토리 [/Users/chan6502/Desktop/apache-tomcat-9.0.82/apache-tomcat-9.0.82/webapps/library]에 대한 배치가 [2,108] 밀리초에 완료되었습니다.
14-Nov-2023 20:50:19.624 정보 [main] org.apache.catalina.startup.HostConfig.deployDirectory 웹 애플리케이션 디렉토리 [/Users/chan6502/Desktop/apache-tomcat-9.0.82/apache-tomcat-9.0.82/webapps/docs]을(를) 배치합니다.
14-Nov-2023 20:50:19.702 정보 [main] org.apache.catalina.startup.HostConfig.deployDirectory 웹 애플리케이션 디렉토리 [/Users/chan6502/Desktop/apache-tomcat-9.0.82/apache-tomcat-9.0.82/webapps/docs]에 대한 배치가 [78] 밀리초에 완료되었습니다.
14-Nov-2023 20:50:19.702 정보 [main] org.apache.catalina.startup.HostConfig.deployDirectory 웹 애플리케이션 디렉토리 [/Users/chan6502/Desktop/apache-tomcat-9.0.82/apache-tomcat-9.0.82/webapps/manager]을(를) 배치합니다.
14-Nov-2023 20:50:19.743 정보 [main] org.apache.catalina.startup.HostConfig.deployDirectory 웹 애플리케이션 디렉토리 [/Users/chan6502/Desktop/apache-tomcat-9.0.82/apache-tomcat-9.0.82/webapps/manager]에 대한 배치가 [41] 밀리초에 완료되었습니다.
14-Nov-2023 20:50:19.743 정보 [main] org.apache.catalina.startup.HostConfig.deployDirectory 웹 애플리케이션 디렉토리 [/Users/chan6502/Desktop/apache-tomcat-9.0.82/apache-tomcat-9.0.82/webapps/examples]을(를) 배치합니다.
14-Nov-2023 20:50:19.935 정보 [main] org.apache.catalina.startup.HostConfig.deployDirectory 웹 애플리케이션 디렉토리 [/Users/chan6502/Desktop/apache-tomcat-9.0.82/apache-tomcat-9.0.82/webapps/examples]에 대한 배치가 [192] 밀리초에 완료되었습니다.
14-Nov-2023 20:50:19.936 정보 [main] org.apache.catalina.startup.HostConfig.deployDirectory 웹 애플리케이션 디렉토리 [/Users/chan6502/Desktop/apache-tomcat-9.0.82/apache-tomcat-9.0.82/webapps/ROOT]을(를) 배치합니다.
14-Nov-2023 20:50:20.629 정보 [main] org.apache.jasper.servlet.TldScanner.scanJars 적어도 하나의 JAR가 TLD들을 찾기 위해 스캔되었으나 아무 것도 찾지 못했습니다. 스캔했으나 TLD가 없는 JAR들의 전체 목록을 보시려면, 로그 레벨을 디버그 레벨로 설정하십시오. 스캔 과정에서 불필요한 JAR들을 건너뛰면, 시스템 시작 시간과 JSP 컴파일 시간을 단축시킬 수 있습니다.
SLF4J: Failed to load class "org.slf4j.impl.StaticLoggerBinder".
SLF4J: Defaulting to no-operation (NOP) logger implementation
SLF4J: See http://www.slf4j.org/codes.html#StaticLoggerBinder for further details.
14-Nov-2023 20:50:21.537 정보 [main] org.apache.catalina.startup.HostConfig.deployDirectory 웹 애플리케이션 디렉토리 [/Users/chan6502/Desktop/apache-tomcat-9.0.82/apache-tomcat-9.0.82/webapps/ROOT]에 대한 배치가 [1,601] 밀리초에 완료되었습니다.
14-Nov-2023 20:50:21.538 정보 [main] org.apache.catalina.startup.HostConfig.deployDirectory 웹 애플리케이션 디렉토리 [/Users/chan6502/Desktop/apache-tomcat-9.0.82/apache-tomcat-9.0.82/webapps/host-manager]을(를) 배치합니다.
14-Nov-2023 20:50:21.590 정보 [main] org.apache.catalina.startup.HostConfig.deployDirectory 웹 애플리케이션 디렉토리 [/Users/chan6502/Desktop/apache-tomcat-9.0.82/apache-tomcat-9.0.82/webapps/host-manager]에 대한 배치가 [51] 밀리초에 완료되었습니다.
14-Nov-2023 20:50:21.612 정보 [main] org.apache.catalina.startup.Catalina.start 서버가 [7410] 밀리초 내에 시작되었습니다.
14-Nov-2023 20:50:21.618 심각 [main] org.apache.catalina.core.StandardServer.await 주소 [localhost]와(과) 포트 [8005]에, 서버 셧다운 소켓을 생성하지 못했습니다. (base 포트 [8005], offset [0])
	java.net.BindException: Address already in use (Bind failed)
		at java.base/java.net.PlainSocketImpl.socketBind(Native Method)
		at java.base/java.net.AbstractPlainSocketImpl.bind(AbstractPlainSocketImpl.java:452)
		at java.base/java.net.ServerSocket.bind(ServerSocket.java:400)
		at java.base/java.net.ServerSocket.<init>(ServerSocket.java:262)
		at org.apache.catalina.core.StandardServer.await(StandardServer.java:581)
		at org.apache.catalina.startup.Catalina.await(Catalina.java:864)
		at org.apache.catalina.startup.Catalina.start(Catalina.java:810)
		at java.base/jdk.internal.reflect.NativeMethodAccessorImpl.invoke0(Native Method)
		at java.base/jdk.internal.reflect.NativeMethodAccessorImpl.invoke(NativeMethodAccessorImpl.java:62)
		at java.base/jdk.internal.reflect.DelegatingMethodAccessorImpl.invoke(DelegatingMethodAccessorImpl.java:43)
		at java.base/java.lang.reflect.Method.invoke(Method.java:566)
		at org.apache.catalina.startup.Bootstrap.start(Bootstrap.java:347)
		at org.apache.catalina.startup.Bootstrap.main(Bootstrap.java:478)
14-Nov-2023 20:50:21.618 정보 [main] org.apache.coyote.AbstractProtocol.pause 프로토콜 핸들러 ["http-nio-8080"]을(를) 일시 정지 중
14-Nov-2023 20:50:21.618 정보 [main] org.apache.catalina.core.StandardService.stopInternal 서비스 [Catalina]을(를) 중지시킵니다.
14-Nov-2023 20:50:21.670 경고 [main] org.apache.catalina.loader.WebappClassLoaderBase.clearReferencesJdbc 웹 애플리케이션 [library]이(가) JDBC 드라이버 [org.mariadb.jdbc.Driver]을(를) 등록했지만, 웹 애플리케이션이 중지될 때, 해당 JDBC 드라이버의 등록을 제거하지 못했습니다. 메모리 누수를 방지하기 위하여, 등록을 강제로 제거했습니다.
14-Nov-2023 20:50:21.703 정보 [main] org.apache.coyote.AbstractProtocol.stop 프로토콜 핸들러 ["http-nio-8080"]을(를) 중지시킵니다.
14-Nov-2023 20:50:21.705 정보 [main] org.apache.coyote.AbstractProtocol.destroy 프로토콜 핸들러 ["http-nio-8080"]을(를) 소멸시킵니다.
14-Nov-2023 20:52:28.316 경고 [main] org.apache.catalina.core.StandardServer.await 유효하지 않은 셧다운 명령 []을(를) 받았습니다.
14-Nov-2023 20:52:36.344 정보 [main] org.apache.catalina.core.StandardServer.await 셧다운 포트를 통해 유효한 셧다운 명령을 받았습니다. 서버 인스턴스를 중지시킵니다.
14-Nov-2023 20:52:36.346 정보 [main] org.apache.coyote.AbstractProtocol.pause 프로토콜 핸들러 ["http-nio-8080"]을(를) 일시 정지 중
14-Nov-2023 20:52:36.362 정보 [main] org.apache.catalina.core.StandardService.stopInternal 서비스 [Catalina]을(를) 중지시킵니다.
14-Nov-2023 20:52:36.451 경고 [main] org.apache.catalina.loader.WebappClassLoaderBase.clearReferencesJdbc 웹 애플리케이션 [library]이(가) JDBC 드라이버 [org.mariadb.jdbc.Driver]을(를) 등록했지만, 웹 애플리케이션이 중지될 때, 해당 JDBC 드라이버의 등록을 제거하지 못했습니다. 메모리 누수를 방지하기 위하여, 등록을 강제로 제거했습니다.
14-Nov-2023 20:52:36.494 정보 [main] org.apache.coyote.AbstractProtocol.stop 프로토콜 핸들러 ["http-nio-8080"]을(를) 중지시킵니다.
14-Nov-2023 20:52:36.511 정보 [main] org.apache.coyote.AbstractProtocol.destroy 프로토콜 핸들러 ["http-nio-8080"]을(를) 소멸시킵니다.
NOTE: Picked up JDK_JAVA_OPTIONS:  --add-opens=java.base/java.lang=ALL-UNNAMED --add-opens=java.base/java.io=ALL-UNNAMED --add-opens=java.base/java.util=ALL-UNNAMED --add-opens=java.base/java.util.concurrent=ALL-UNNAMED --add-opens=java.rmi/sun.rmi.transport=ALL-UNNAMED
16-Dec-2023 04:29:57.007 INFO [main] org.apache.catalina.startup.VersionLoggerListener.log 서버 버전 이름:    Apache Tomcat/9.0.82
16-Dec-2023 04:29:57.009 INFO [main] org.apache.catalina.startup.VersionLoggerListener.log Server 빌드 시각:  Oct 11 2023 13:15:08 UTC
16-Dec-2023 04:29:57.009 INFO [main] org.apache.catalina.startup.VersionLoggerListener.log Server 버전 번호:  9.0.82.0
16-Dec-2023 04:29:57.009 INFO [main] org.apache.catalina.startup.VersionLoggerListener.log 운영체제 이름:     Mac OS X
16-Dec-2023 04:29:57.009 INFO [main] org.apache.catalina.startup.VersionLoggerListener.log 운영체제 버전:     14.2
16-Dec-2023 04:29:57.009 INFO [main] org.apache.catalina.startup.VersionLoggerListener.log 아키텍처:          aarch64
16-Dec-2023 04:29:57.009 INFO [main] org.apache.catalina.startup.VersionLoggerListener.log 자바 홈:           /Library/Java/JavaVirtualMachines/jdk-11.jdk/Contents/Home
16-Dec-2023 04:29:57.009 INFO [main] org.apache.catalina.startup.VersionLoggerListener.log JVM 버전:          11.0.20+9-LTS-256
16-Dec-2023 04:29:57.009 INFO [main] org.apache.catalina.startup.VersionLoggerListener.log JVM 벤더:          Oracle Corporation
16-Dec-2023 04:29:57.009 INFO [main] org.apache.catalina.startup.VersionLoggerListener.log CATALINA_BASE:     /Users/chan6502/Desktop/apache-tomcat-9.0.82 2/apache-tomcat-9.0.82
16-Dec-2023 04:29:57.009 INFO [main] org.apache.catalina.startup.VersionLoggerListener.log CATALINA_HOME:     /Users/chan6502/Desktop/apache-tomcat-9.0.82 2/apache-tomcat-9.0.82
16-Dec-2023 04:29:57.057 INFO [main] org.apache.catalina.startup.VersionLoggerListener.log 명령 행 아규먼트:  --add-opens=java.base/java.lang=ALL-UNNAMED
16-Dec-2023 04:29:57.057 INFO [main] org.apache.catalina.startup.VersionLoggerListener.log 명령 행 아규먼트:  --add-opens=java.base/java.io=ALL-UNNAMED
16-Dec-2023 04:29:57.058 INFO [main] org.apache.catalina.startup.VersionLoggerListener.log 명령 행 아규먼트:  --add-opens=java.base/java.util=ALL-UNNAMED
16-Dec-2023 04:29:57.058 INFO [main] org.apache.catalina.startup.VersionLoggerListener.log 명령 행 아규먼트:  --add-opens=java.base/java.util.concurrent=ALL-UNNAMED
16-Dec-2023 04:29:57.058 INFO [main] org.apache.catalina.startup.VersionLoggerListener.log 명령 행 아규먼트:  --add-opens=java.rmi/sun.rmi.transport=ALL-UNNAMED
16-Dec-2023 04:29:57.058 INFO [main] org.apache.catalina.startup.VersionLoggerListener.log 명령 행 아규먼트:  -Djava.util.logging.config.file=/Users/chan6502/Desktop/apache-tomcat-9.0.82 2/apache-tomcat-9.0.82/conf/logging.properties
16-Dec-2023 04:29:57.058 INFO [main] org.apache.catalina.startup.VersionLoggerListener.log 명령 행 아규먼트:  -Djava.util.logging.manager=org.apache.juli.ClassLoaderLogManager
16-Dec-2023 04:29:57.058 INFO [main] org.apache.catalina.startup.VersionLoggerListener.log 명령 행 아규먼트:  -Djdk.tls.ephemeralDHKeySize=2048
16-Dec-2023 04:29:57.058 INFO [main] org.apache.catalina.startup.VersionLoggerListener.log 명령 행 아규먼트:  -Djava.protocol.handler.pkgs=org.apache.catalina.webresources
16-Dec-2023 04:29:57.058 INFO [main] org.apache.catalina.startup.VersionLoggerListener.log 명령 행 아규먼트:  -Dorg.apache.catalina.security.SecurityListener.UMASK=0027
16-Dec-2023 04:29:57.058 INFO [main] org.apache.catalina.startup.VersionLoggerListener.log 명령 행 아규먼트:  -Dignore.endorsed.dirs=
16-Dec-2023 04:29:57.058 INFO [main] org.apache.catalina.startup.VersionLoggerListener.log 명령 행 아규먼트:  -Dcatalina.base=/Users/chan6502/Desktop/apache-tomcat-9.0.82 2/apache-tomcat-9.0.82
16-Dec-2023 04:29:57.058 INFO [main] org.apache.catalina.startup.VersionLoggerListener.log 명령 행 아규먼트:  -Dcatalina.home=/Users/chan6502/Desktop/apache-tomcat-9.0.82 2/apache-tomcat-9.0.82
16-Dec-2023 04:29:57.058 INFO [main] org.apache.catalina.startup.VersionLoggerListener.log 명령 행 아규먼트:  -Djava.io.tmpdir=/Users/chan6502/Desktop/apache-tomcat-9.0.82 2/apache-tomcat-9.0.82/temp
16-Dec-2023 04:29:57.063 INFO [main] org.apache.catalina.core.AprLifecycleListener.lifecycleEvent 프로덕션 환경들에서 최적의 성능을 제공하는, APR 기반 Apache Tomcat Native 라이브러리가, 다음 java.library.path에서 발견되지 않습니다: [/Users/chan6502/Library/Java/Extensions:/Library/Java/Extensions:/Network/Library/Java/Extensions:/System/Library/Java/Extensions:/usr/lib/java:.]
16-Dec-2023 04:29:57.210 INFO [main] org.apache.coyote.AbstractProtocol.init 프로토콜 핸들러 ["http-nio-8080"]을(를) 초기화합니다.
16-Dec-2023 04:29:57.248 INFO [main] org.apache.catalina.startup.Catalina.load [355] 밀리초 내에 서버가 초기화되었습니다.
16-Dec-2023 04:29:57.275 INFO [main] org.apache.catalina.core.StandardService.startInternal 서비스 [Catalina]을(를) 시작합니다.
16-Dec-2023 04:29:57.275 INFO [main] org.apache.catalina.core.StandardEngine.startInternal 서버 엔진을 시작합니다: [Apache Tomcat/9.0.82]
16-Dec-2023 04:29:57.283 INFO [main] org.apache.catalina.startup.HostConfig.deployWAR 웹 애플리케이션 아카이브 [/Users/chan6502/Desktop/apache-tomcat-9.0.82 2/apache-tomcat-9.0.82/webapps/ROOT.war]을(를) 배치합니다.
16-Dec-2023 04:29:57.292 INFO [main] org.apache.catalina.startup.ExpandWar.expand 압축이 풀려진 디렉토리 [/Users/chan6502/Desktop/apache-tomcat-9.0.82 2/apache-tomcat-9.0.82/webapps/ROOT]의 최종 변경 시간이, 연관된 WAR의 최종 변경 시간과 부합하지 않습니다. 해당 디렉토리는 삭제될 것입니다.
16-Dec-2023 04:29:58.152 INFO [main] org.apache.jasper.servlet.TldScanner.scanJars 적어도 하나의 JAR가 TLD들을 찾기 위해 스캔되었으나 아무 것도 찾지 못했습니다. 스캔했으나 TLD가 없는 JAR들의 전체 목록을 보시려면, 로그 레벨을 디버그 레벨로 설정하십시오. 스캔 과정에서 불필요한 JAR들을 건너뛰면, 시스템 시작 시간과 JSP 컴파일 시간을 단축시킬 수 있습니다.
log4j:WARN No appenders could be found for logger (org.springframework.web.context.ContextLoader).
log4j:WARN Please initialize the log4j system properly.
16-Dec-2023 04:29:58.854 INFO [main] org.apache.catalina.startup.HostConfig.deployWAR 웹 애플리케이션 아카이브 [/Users/chan6502/Desktop/apache-tomcat-9.0.82 2/apache-tomcat-9.0.82/webapps/ROOT.war]의 배치가 [1,570] 밀리초에 완료되었습니다.
16-Dec-2023 04:29:58.855 INFO [main] org.apache.catalina.startup.HostConfig.deployDirectory 웹 애플리케이션 디렉토리 [/Users/chan6502/Desktop/apache-tomcat-9.0.82 2/apache-tomcat-9.0.82/webapps/library]을(를) 배치합니다.
16-Dec-2023 04:29:59.309 INFO [main] org.apache.jasper.servlet.TldScanner.scanJars 적어도 하나의 JAR가 TLD들을 찾기 위해 스캔되었으나 아무 것도 찾지 못했습니다. 스캔했으나 TLD가 없는 JAR들의 전체 목록을 보시려면, 로그 레벨을 디버그 레벨로 설정하십시오. 스캔 과정에서 불필요한 JAR들을 건너뛰면, 시스템 시작 시간과 JSP 컴파일 시간을 단축시킬 수 있습니다.
log4j:WARN No appenders could be found for logger (org.springframework.web.context.ContextLoader).
log4j:WARN Please initialize the log4j system properly.
16-Dec-2023 04:29:59.691 INFO [main] org.apache.catalina.startup.HostConfig.deployDirectory 웹 애플리케이션 디렉토리 [/Users/chan6502/Desktop/apache-tomcat-9.0.82 2/apache-tomcat-9.0.82/webapps/library]에 대한 배치가 [836] 밀리초에 완료되었습니다.
16-Dec-2023 04:29:59.691 INFO [main] org.apache.catalina.startup.HostConfig.deployDirectory 웹 애플리케이션 디렉토리 [/Users/chan6502/Desktop/apache-tomcat-9.0.82 2/apache-tomcat-9.0.82/webapps/docs]을(를) 배치합니다.
16-Dec-2023 04:29:59.703 INFO [main] org.apache.catalina.startup.HostConfig.deployDirectory 웹 애플리케이션 디렉토리 [/Users/chan6502/Desktop/apache-tomcat-9.0.82 2/apache-tomcat-9.0.82/webapps/docs]에 대한 배치가 [12] 밀리초에 완료되었습니다.
16-Dec-2023 04:29:59.703 INFO [main] org.apache.catalina.startup.HostConfig.deployDirectory 웹 애플리케이션 디렉토리 [/Users/chan6502/Desktop/apache-tomcat-9.0.82 2/apache-tomcat-9.0.82/webapps/manager]을(를) 배치합니다.
16-Dec-2023 04:29:59.717 INFO [main] org.apache.catalina.startup.HostConfig.deployDirectory 웹 애플리케이션 디렉토리 [/Users/chan6502/Desktop/apache-tomcat-9.0.82 2/apache-tomcat-9.0.82/webapps/manager]에 대한 배치가 [14] 밀리초에 완료되었습니다.
16-Dec-2023 04:29:59.717 INFO [main] org.apache.catalina.startup.HostConfig.deployDirectory 웹 애플리케이션 디렉토리 [/Users/chan6502/Desktop/apache-tomcat-9.0.82 2/apache-tomcat-9.0.82/webapps/examples]을(를) 배치합니다.
16-Dec-2023 04:29:59.781 INFO [main] org.apache.catalina.startup.HostConfig.deployDirectory 웹 애플리케이션 디렉토리 [/Users/chan6502/Desktop/apache-tomcat-9.0.82 2/apache-tomcat-9.0.82/webapps/examples]에 대한 배치가 [64] 밀리초에 완료되었습니다.
16-Dec-2023 04:29:59.781 INFO [main] org.apache.catalina.startup.HostConfig.deployDirectory 웹 애플리케이션 디렉토리 [/Users/chan6502/Desktop/apache-tomcat-9.0.82 2/apache-tomcat-9.0.82/webapps/host-manager]을(를) 배치합니다.
16-Dec-2023 04:29:59.788 INFO [main] org.apache.catalina.startup.HostConfig.deployDirectory 웹 애플리케이션 디렉토리 [/Users/chan6502/Desktop/apache-tomcat-9.0.82 2/apache-tomcat-9.0.82/webapps/host-manager]에 대한 배치가 [7] 밀리초에 완료되었습니다.
16-Dec-2023 04:29:59.791 INFO [main] org.apache.coyote.AbstractProtocol.start 프로토콜 핸들러 ["http-nio-8080"]을(를) 시작합니다.
16-Dec-2023 04:29:59.796 INFO [main] org.apache.catalina.startup.Catalina.start 서버가 [2547] 밀리초 내에 시작되었습니다.
[AuthHomeController] home()
[AuthUserController] signupPage()
[AuthUserController] loginPage()
[AuthUserController] loginUser()
[AuthUserService] loginUser()
[AuthUserDao] findByUsername()
[MainController] mainPage()
[PlaylistService] createPlaylistAndAdd()
[PlaylistDao] getUserPlaylists()
[AuthUserController] loginPage()
16-Dec-2023 04:30:40.357 INFO [main] org.apache.catalina.core.StandardServer.await 셧다운 포트를 통해 유효한 셧다운 명령을 받았습니다. 서버 인스턴스를 중지시킵니다.
16-Dec-2023 04:30:40.357 INFO [main] org.apache.coyote.AbstractProtocol.pause 프로토콜 핸들러 ["http-nio-8080"]을(를) 일시 정지 중
16-Dec-2023 04:30:40.359 INFO [main] org.apache.catalina.core.StandardService.stopInternal 서비스 [Catalina]을(를) 중지시킵니다.
16-Dec-2023 04:30:40.369 WARNING [main] org.apache.catalina.loader.WebappClassLoaderBase.clearReferencesJdbc 웹 애플리케이션 [ROOT]이(가) JDBC 드라이버 [org.mariadb.jdbc.Driver]을(를) 등록했지만, 웹 애플리케이션이 중지될 때, 해당 JDBC 드라이버의 등록을 제거하지 못했습니다. 메모리 누수를 방지하기 위하여, 등록을 강제로 제거했습니다.
16-Dec-2023 04:30:40.376 WARNING [main] org.apache.catalina.loader.WebappClassLoaderBase.clearReferencesJdbc 웹 애플리케이션 [library]이(가) JDBC 드라이버 [org.mariadb.jdbc.Driver]을(를) 등록했지만, 웹 애플리케이션이 중지될 때, 해당 JDBC 드라이버의 등록을 제거하지 못했습니다. 메모리 누수를 방지하기 위하여, 등록을 강제로 제거했습니다.
16-Dec-2023 04:30:40.381 INFO [main] org.apache.coyote.AbstractProtocol.stop 프로토콜 핸들러 ["http-nio-8080"]을(를) 중지시킵니다.
16-Dec-2023 04:30:40.384 INFO [main] org.apache.coyote.AbstractProtocol.destroy 프로토콜 핸들러 ["http-nio-8080"]을(를) 소멸시킵니다.
NOTE: Picked up JDK_JAVA_OPTIONS:  --add-opens=java.base/java.lang=ALL-UNNAMED --add-opens=java.base/java.io=ALL-UNNAMED --add-opens=java.base/java.util=ALL-UNNAMED --add-opens=java.base/java.util.concurrent=ALL-UNNAMED --add-opens=java.rmi/sun.rmi.transport=ALL-UNNAMED
16-Dec-2023 04:43:15.791 INFO [main] org.apache.catalina.startup.VersionLoggerListener.log 서버 버전 이름:    Apache Tomcat/9.0.82
16-Dec-2023 04:43:15.793 INFO [main] org.apache.catalina.startup.VersionLoggerListener.log Server 빌드 시각:  Oct 11 2023 13:15:08 UTC
16-Dec-2023 04:43:15.793 INFO [main] org.apache.catalina.startup.VersionLoggerListener.log Server 버전 번호:  9.0.82.0
16-Dec-2023 04:43:15.793 INFO [main] org.apache.catalina.startup.VersionLoggerListener.log 운영체제 이름:     Mac OS X
16-Dec-2023 04:43:15.793 INFO [main] org.apache.catalina.startup.VersionLoggerListener.log 운영체제 버전:     14.2
16-Dec-2023 04:43:15.793 INFO [main] org.apache.catalina.startup.VersionLoggerListener.log 아키텍처:          aarch64
16-Dec-2023 04:43:15.793 INFO [main] org.apache.catalina.startup.VersionLoggerListener.log 자바 홈:           /Library/Java/JavaVirtualMachines/jdk-11.jdk/Contents/Home
16-Dec-2023 04:43:15.793 INFO [main] org.apache.catalina.startup.VersionLoggerListener.log JVM 버전:          11.0.20+9-LTS-256
16-Dec-2023 04:43:15.793 INFO [main] org.apache.catalina.startup.VersionLoggerListener.log JVM 벤더:          Oracle Corporation
16-Dec-2023 04:43:15.793 INFO [main] org.apache.catalina.startup.VersionLoggerListener.log CATALINA_BASE:     /Users/chan6502/Desktop/apache-tomcat-9.0.82 2/apache-tomcat-9.0.82
16-Dec-2023 04:43:15.793 INFO [main] org.apache.catalina.startup.VersionLoggerListener.log CATALINA_HOME:     /Users/chan6502/Desktop/apache-tomcat-9.0.82 2/apache-tomcat-9.0.82
16-Dec-2023 04:43:15.802 INFO [main] org.apache.catalina.startup.VersionLoggerListener.log 명령 행 아규먼트:  --add-opens=java.base/java.lang=ALL-UNNAMED
16-Dec-2023 04:43:15.802 INFO [main] org.apache.catalina.startup.VersionLoggerListener.log 명령 행 아규먼트:  --add-opens=java.base/java.io=ALL-UNNAMED
16-Dec-2023 04:43:15.802 INFO [main] org.apache.catalina.startup.VersionLoggerListener.log 명령 행 아규먼트:  --add-opens=java.base/java.util=ALL-UNNAMED
16-Dec-2023 04:43:15.802 INFO [main] org.apache.catalina.startup.VersionLoggerListener.log 명령 행 아규먼트:  --add-opens=java.base/java.util.concurrent=ALL-UNNAMED
16-Dec-2023 04:43:15.802 INFO [main] org.apache.catalina.startup.VersionLoggerListener.log 명령 행 아규먼트:  --add-opens=java.rmi/sun.rmi.transport=ALL-UNNAMED
16-Dec-2023 04:43:15.802 INFO [main] org.apache.catalina.startup.VersionLoggerListener.log 명령 행 아규먼트:  -Djava.util.logging.config.file=/Users/chan6502/Desktop/apache-tomcat-9.0.82 2/apache-tomcat-9.0.82/conf/logging.properties
16-Dec-2023 04:43:15.802 INFO [main] org.apache.catalina.startup.VersionLoggerListener.log 명령 행 아규먼트:  -Djava.util.logging.manager=org.apache.juli.ClassLoaderLogManager
16-Dec-2023 04:43:15.802 INFO [main] org.apache.catalina.startup.VersionLoggerListener.log 명령 행 아규먼트:  -Djdk.tls.ephemeralDHKeySize=2048
16-Dec-2023 04:43:15.802 INFO [main] org.apache.catalina.startup.VersionLoggerListener.log 명령 행 아규먼트:  -Djava.protocol.handler.pkgs=org.apache.catalina.webresources
16-Dec-2023 04:43:15.802 INFO [main] org.apache.catalina.startup.VersionLoggerListener.log 명령 행 아규먼트:  -Dorg.apache.catalina.security.SecurityListener.UMASK=0027
16-Dec-2023 04:43:15.802 INFO [main] org.apache.catalina.startup.VersionLoggerListener.log 명령 행 아규먼트:  -Dignore.endorsed.dirs=
16-Dec-2023 04:43:15.802 INFO [main] org.apache.catalina.startup.VersionLoggerListener.log 명령 행 아규먼트:  -Dcatalina.base=/Users/chan6502/Desktop/apache-tomcat-9.0.82 2/apache-tomcat-9.0.82
16-Dec-2023 04:43:15.803 INFO [main] org.apache.catalina.startup.VersionLoggerListener.log 명령 행 아규먼트:  -Dcatalina.home=/Users/chan6502/Desktop/apache-tomcat-9.0.82 2/apache-tomcat-9.0.82
16-Dec-2023 04:43:15.803 INFO [main] org.apache.catalina.startup.VersionLoggerListener.log 명령 행 아규먼트:  -Djava.io.tmpdir=/Users/chan6502/Desktop/apache-tomcat-9.0.82 2/apache-tomcat-9.0.82/temp
16-Dec-2023 04:43:15.807 INFO [main] org.apache.catalina.core.AprLifecycleListener.lifecycleEvent 프로덕션 환경들에서 최적의 성능을 제공하는, APR 기반 Apache Tomcat Native 라이브러리가, 다음 java.library.path에서 발견되지 않습니다: [/Users/chan6502/Library/Java/Extensions:/Library/Java/Extensions:/Network/Library/Java/Extensions:/System/Library/Java/Extensions:/usr/lib/java:.]
16-Dec-2023 04:43:15.955 INFO [main] org.apache.coyote.AbstractProtocol.init 프로토콜 핸들러 ["http-nio-8080"]을(를) 초기화합니다.
16-Dec-2023 04:43:15.972 INFO [main] org.apache.catalina.startup.Catalina.load [295] 밀리초 내에 서버가 초기화되었습니다.
16-Dec-2023 04:43:15.999 INFO [main] org.apache.catalina.core.StandardService.startInternal 서비스 [Catalina]을(를) 시작합니다.
16-Dec-2023 04:43:16.000 INFO [main] org.apache.catalina.core.StandardEngine.startInternal 서버 엔진을 시작합니다: [Apache Tomcat/9.0.82]
16-Dec-2023 04:43:16.007 INFO [main] org.apache.catalina.startup.HostConfig.deployWAR 웹 애플리케이션 아카이브 [/Users/chan6502/Desktop/apache-tomcat-9.0.82 2/apache-tomcat-9.0.82/webapps/ROOT.war]을(를) 배치합니다.
16-Dec-2023 04:43:16.743 INFO [main] org.apache.jasper.servlet.TldScanner.scanJars 적어도 하나의 JAR가 TLD들을 찾기 위해 스캔되었으나 아무 것도 찾지 못했습니다. 스캔했으나 TLD가 없는 JAR들의 전체 목록을 보시려면, 로그 레벨을 디버그 레벨로 설정하십시오. 스캔 과정에서 불필요한 JAR들을 건너뛰면, 시스템 시작 시간과 JSP 컴파일 시간을 단축시킬 수 있습니다.
log4j:WARN No appenders could be found for logger (org.springframework.web.context.ContextLoader).
log4j:WARN Please initialize the log4j system properly.
16-Dec-2023 04:43:17.263 INFO [main] org.apache.catalina.startup.HostConfig.deployWAR 웹 애플리케이션 아카이브 [/Users/chan6502/Desktop/apache-tomcat-9.0.82 2/apache-tomcat-9.0.82/webapps/ROOT.war]의 배치가 [1,255] 밀리초에 완료되었습니다.
16-Dec-2023 04:43:17.264 INFO [main] org.apache.catalina.startup.HostConfig.deployDirectory 웹 애플리케이션 디렉토리 [/Users/chan6502/Desktop/apache-tomcat-9.0.82 2/apache-tomcat-9.0.82/webapps/library]을(를) 배치합니다.
16-Dec-2023 04:43:17.733 INFO [main] org.apache.jasper.servlet.TldScanner.scanJars 적어도 하나의 JAR가 TLD들을 찾기 위해 스캔되었으나 아무 것도 찾지 못했습니다. 스캔했으나 TLD가 없는 JAR들의 전체 목록을 보시려면, 로그 레벨을 디버그 레벨로 설정하십시오. 스캔 과정에서 불필요한 JAR들을 건너뛰면, 시스템 시작 시간과 JSP 컴파일 시간을 단축시킬 수 있습니다.
log4j:WARN No appenders could be found for logger (org.springframework.web.context.ContextLoader).
log4j:WARN Please initialize the log4j system properly.
16-Dec-2023 04:43:18.147 INFO [main] org.apache.catalina.startup.HostConfig.deployDirectory 웹 애플리케이션 디렉토리 [/Users/chan6502/Desktop/apache-tomcat-9.0.82 2/apache-tomcat-9.0.82/webapps/library]에 대한 배치가 [883] 밀리초에 완료되었습니다.
16-Dec-2023 04:43:18.147 INFO [main] org.apache.catalina.startup.HostConfig.deployDirectory 웹 애플리케이션 디렉토리 [/Users/chan6502/Desktop/apache-tomcat-9.0.82 2/apache-tomcat-9.0.82/webapps/docs]을(를) 배치합니다.
16-Dec-2023 04:43:18.158 INFO [main] org.apache.catalina.startup.HostConfig.deployDirectory 웹 애플리케이션 디렉토리 [/Users/chan6502/Desktop/apache-tomcat-9.0.82 2/apache-tomcat-9.0.82/webapps/docs]에 대한 배치가 [11] 밀리초에 완료되었습니다.
16-Dec-2023 04:43:18.158 INFO [main] org.apache.catalina.startup.HostConfig.deployDirectory 웹 애플리케이션 디렉토리 [/Users/chan6502/Desktop/apache-tomcat-9.0.82 2/apache-tomcat-9.0.82/webapps/manager]을(를) 배치합니다.
16-Dec-2023 04:43:18.173 INFO [main] org.apache.catalina.startup.HostConfig.deployDirectory 웹 애플리케이션 디렉토리 [/Users/chan6502/Desktop/apache-tomcat-9.0.82 2/apache-tomcat-9.0.82/webapps/manager]에 대한 배치가 [15] 밀리초에 완료되었습니다.
16-Dec-2023 04:43:18.173 INFO [main] org.apache.catalina.startup.HostConfig.deployDirectory 웹 애플리케이션 디렉토리 [/Users/chan6502/Desktop/apache-tomcat-9.0.82 2/apache-tomcat-9.0.82/webapps/examples]을(를) 배치합니다.
16-Dec-2023 04:43:18.274 INFO [main] org.apache.catalina.startup.HostConfig.deployDirectory 웹 애플리케이션 디렉토리 [/Users/chan6502/Desktop/apache-tomcat-9.0.82 2/apache-tomcat-9.0.82/webapps/examples]에 대한 배치가 [101] 밀리초에 완료되었습니다.
16-Dec-2023 04:43:18.274 INFO [main] org.apache.catalina.startup.HostConfig.deployDirectory 웹 애플리케이션 디렉토리 [/Users/chan6502/Desktop/apache-tomcat-9.0.82 2/apache-tomcat-9.0.82/webapps/host-manager]을(를) 배치합니다.
16-Dec-2023 04:43:18.286 INFO [main] org.apache.catalina.startup.HostConfig.deployDirectory 웹 애플리케이션 디렉토리 [/Users/chan6502/Desktop/apache-tomcat-9.0.82 2/apache-tomcat-9.0.82/webapps/host-manager]에 대한 배치가 [12] 밀리초에 완료되었습니다.
16-Dec-2023 04:43:18.289 INFO [main] org.apache.coyote.AbstractProtocol.start 프로토콜 핸들러 ["http-nio-8080"]을(를) 시작합니다.
16-Dec-2023 04:43:18.295 INFO [main] org.apache.catalina.startup.Catalina.start 서버가 [2323] 밀리초 내에 시작되었습니다.
[AuthHomeController] home()
16-Dec-2023 04:43:35.193 INFO [main] org.apache.catalina.core.StandardServer.await 셧다운 포트를 통해 유효한 셧다운 명령을 받았습니다. 서버 인스턴스를 중지시킵니다.
16-Dec-2023 04:43:35.193 INFO [main] org.apache.coyote.AbstractProtocol.pause 프로토콜 핸들러 ["http-nio-8080"]을(를) 일시 정지 중
16-Dec-2023 04:43:35.196 INFO [main] org.apache.catalina.core.StandardService.stopInternal 서비스 [Catalina]을(를) 중지시킵니다.
16-Dec-2023 04:43:35.202 WARNING [main] org.apache.catalina.loader.WebappClassLoaderBase.clearReferencesJdbc 웹 애플리케이션 [ROOT]이(가) JDBC 드라이버 [org.mariadb.jdbc.Driver]을(를) 등록했지만, 웹 애플리케이션이 중지될 때, 해당 JDBC 드라이버의 등록을 제거하지 못했습니다. 메모리 누수를 방지하기 위하여, 등록을 강제로 제거했습니다.
16-Dec-2023 04:43:35.208 WARNING [main] org.apache.catalina.loader.WebappClassLoaderBase.clearReferencesJdbc 웹 애플리케이션 [library]이(가) JDBC 드라이버 [org.mariadb.jdbc.Driver]을(를) 등록했지만, 웹 애플리케이션이 중지될 때, 해당 JDBC 드라이버의 등록을 제거하지 못했습니다. 메모리 누수를 방지하기 위하여, 등록을 강제로 제거했습니다.
16-Dec-2023 04:43:35.215 INFO [main] org.apache.coyote.AbstractProtocol.stop 프로토콜 핸들러 ["http-nio-8080"]을(를) 중지시킵니다.
16-Dec-2023 04:43:35.221 INFO [main] org.apache.coyote.AbstractProtocol.destroy 프로토콜 핸들러 ["http-nio-8080"]을(를) 소멸시킵니다.
