16-Nov-2023 15:01:53.847 INFO [main] org.apache.catalina.startup.VersionLoggerListener.log 서버 버전 이름:    Apache Tomcat/9.0.82
16-Nov-2023 15:01:53.848 INFO [main] org.apache.catalina.startup.VersionLoggerListener.log Server 빌드 시각:  Oct 11 2023 13:15:08 UTC
16-Nov-2023 15:01:53.849 INFO [main] org.apache.catalina.startup.VersionLoggerListener.log Server 버전 번호:  9.0.82.0
16-Nov-2023 15:01:53.849 INFO [main] org.apache.catalina.startup.VersionLoggerListener.log 운영체제 이름:     Mac OS X
16-Nov-2023 15:01:53.849 INFO [main] org.apache.catalina.startup.VersionLoggerListener.log 운영체제 버전:     14.1.1
16-Nov-2023 15:01:53.849 INFO [main] org.apache.catalina.startup.VersionLoggerListener.log 아키텍처:          aarch64
16-Nov-2023 15:01:53.849 INFO [main] org.apache.catalina.startup.VersionLoggerListener.log 자바 홈:           /Library/Java/JavaVirtualMachines/jdk-11.jdk/Contents/Home
16-Nov-2023 15:01:53.849 INFO [main] org.apache.catalina.startup.VersionLoggerListener.log JVM 버전:          11.0.20+9-LTS-256
16-Nov-2023 15:01:53.849 INFO [main] org.apache.catalina.startup.VersionLoggerListener.log JVM 벤더:          Oracle Corporation
16-Nov-2023 15:01:53.849 INFO [main] org.apache.catalina.startup.VersionLoggerListener.log CATALINA_BASE:     /Users/chan6502/Desktop/apache-tomcat
16-Nov-2023 15:01:53.849 INFO [main] org.apache.catalina.startup.VersionLoggerListener.log CATALINA_HOME:     /Users/chan6502/Desktop/apache-tomcat
16-Nov-2023 15:01:53.882 INFO [main] org.apache.catalina.startup.VersionLoggerListener.log 명령 행 아규먼트:  --add-opens=java.base/java.lang=ALL-UNNAMED
16-Nov-2023 15:01:53.882 INFO [main] org.apache.catalina.startup.VersionLoggerListener.log 명령 행 아규먼트:  --add-opens=java.base/java.io=ALL-UNNAMED
16-Nov-2023 15:01:53.882 INFO [main] org.apache.catalina.startup.VersionLoggerListener.log 명령 행 아규먼트:  --add-opens=java.base/java.util=ALL-UNNAMED
16-Nov-2023 15:01:53.882 INFO [main] org.apache.catalina.startup.VersionLoggerListener.log 명령 행 아규먼트:  --add-opens=java.base/java.util.concurrent=ALL-UNNAMED
16-Nov-2023 15:01:53.882 INFO [main] org.apache.catalina.startup.VersionLoggerListener.log 명령 행 아규먼트:  --add-opens=java.rmi/sun.rmi.transport=ALL-UNNAMED
16-Nov-2023 15:01:53.882 INFO [main] org.apache.catalina.startup.VersionLoggerListener.log 명령 행 아규먼트:  -Djava.util.logging.config.file=/Users/chan6502/Desktop/apache-tomcat/conf/logging.properties
16-Nov-2023 15:01:53.883 INFO [main] org.apache.catalina.startup.VersionLoggerListener.log 명령 행 아규먼트:  -Djava.util.logging.manager=org.apache.juli.ClassLoaderLogManager
16-Nov-2023 15:01:53.883 INFO [main] org.apache.catalina.startup.VersionLoggerListener.log 명령 행 아규먼트:  -Djdk.tls.ephemeralDHKeySize=2048
16-Nov-2023 15:01:53.883 INFO [main] org.apache.catalina.startup.VersionLoggerListener.log 명령 행 아규먼트:  -Djava.protocol.handler.pkgs=org.apache.catalina.webresources
16-Nov-2023 15:01:53.883 INFO [main] org.apache.catalina.startup.VersionLoggerListener.log 명령 행 아규먼트:  -Dorg.apache.catalina.security.SecurityListener.UMASK=0027
16-Nov-2023 15:01:53.883 INFO [main] org.apache.catalina.startup.VersionLoggerListener.log 명령 행 아규먼트:  -Dignore.endorsed.dirs=
16-Nov-2023 15:01:53.883 INFO [main] org.apache.catalina.startup.VersionLoggerListener.log 명령 행 아규먼트:  -Dcatalina.base=/Users/chan6502/Desktop/apache-tomcat
16-Nov-2023 15:01:53.883 INFO [main] org.apache.catalina.startup.VersionLoggerListener.log 명령 행 아규먼트:  -Dcatalina.home=/Users/chan6502/Desktop/apache-tomcat
16-Nov-2023 15:01:53.883 INFO [main] org.apache.catalina.startup.VersionLoggerListener.log 명령 행 아규먼트:  -Djava.io.tmpdir=/Users/chan6502/Desktop/apache-tomcat/temp
16-Nov-2023 15:01:53.888 INFO [main] org.apache.catalina.core.AprLifecycleListener.lifecycleEvent 프로덕션 환경들에서 최적의 성능을 제공하는, APR 기반 Apache Tomcat Native 라이브러리가, 다음 java.library.path에서 발견되지 않습니다: [/Users/chan6502/Library/Java/Extensions:/Library/Java/Extensions:/Network/Library/Java/Extensions:/System/Library/Java/Extensions:/usr/lib/java:.]
16-Nov-2023 15:01:54.035 INFO [main] org.apache.coyote.AbstractProtocol.init 프로토콜 핸들러 ["http-nio-0.0.0.0-8090"]을(를) 초기화합니다.
16-Nov-2023 15:01:54.067 INFO [main] org.apache.catalina.startup.Catalina.load [331] 밀리초 내에 서버가 초기화되었습니다.
16-Nov-2023 15:01:54.097 INFO [main] org.apache.catalina.core.StandardService.startInternal 서비스 [Catalina]을(를) 시작합니다.
16-Nov-2023 15:01:54.097 INFO [main] org.apache.catalina.core.StandardEngine.startInternal 서버 엔진을 시작합니다: [Apache Tomcat/9.0.82]
16-Nov-2023 15:01:54.104 INFO [main] org.apache.catalina.startup.HostConfig.deployWAR 웹 애플리케이션 아카이브 [/Users/chan6502/Desktop/apache-tomcat/webapps/BookrentalPjt-1.0-SNAPSHOT.war]을(를) 배치합니다.
16-Nov-2023 15:01:54.113 INFO [main] org.apache.catalina.startup.ExpandWar.expand 압축이 풀려진 디렉토리 [/Users/chan6502/Desktop/apache-tomcat/webapps/BookrentalPjt-1.0-SNAPSHOT]의 최종 변경 시간이, 연관된 WAR의 최종 변경 시간과 부합하지 않습니다. 해당 디렉토리는 삭제될 것입니다.
16-Nov-2023 15:01:54.861 INFO [main] org.apache.jasper.servlet.TldScanner.scanJars 적어도 하나의 JAR가 TLD들을 찾기 위해 스캔되었으나 아무 것도 찾지 못했습니다. 스캔했으나 TLD가 없는 JAR들의 전체 목록을 보시려면, 로그 레벨을 디버그 레벨로 설정하십시오. 스캔 과정에서 불필요한 JAR들을 건너뛰면, 시스템 시작 시간과 JSP 컴파일 시간을 단축시킬 수 있습니다.
16-Nov-2023 15:01:55.414 INFO [main] org.apache.catalina.startup.HostConfig.deployWAR 웹 애플리케이션 아카이브 [/Users/chan6502/Desktop/apache-tomcat/webapps/BookrentalPjt-1.0-SNAPSHOT.war]의 배치가 [1,308] 밀리초에 완료되었습니다.
16-Nov-2023 15:01:55.414 INFO [main] org.apache.catalina.startup.HostConfig.deployDirectory 웹 애플리케이션 디렉토리 [/Users/chan6502/Desktop/apache-tomcat/webapps/library]을(를) 배치합니다.
16-Nov-2023 15:01:55.915 INFO [main] org.apache.jasper.servlet.TldScanner.scanJars 적어도 하나의 JAR가 TLD들을 찾기 위해 스캔되었으나 아무 것도 찾지 못했습니다. 스캔했으나 TLD가 없는 JAR들의 전체 목록을 보시려면, 로그 레벨을 디버그 레벨로 설정하십시오. 스캔 과정에서 불필요한 JAR들을 건너뛰면, 시스템 시작 시간과 JSP 컴파일 시간을 단축시킬 수 있습니다.
16-Nov-2023 15:01:56.317 INFO [main] org.apache.catalina.startup.HostConfig.deployDirectory 웹 애플리케이션 디렉토리 [/Users/chan6502/Desktop/apache-tomcat/webapps/library]에 대한 배치가 [903] 밀리초에 완료되었습니다.
16-Nov-2023 15:01:56.317 INFO [main] org.apache.catalina.startup.HostConfig.deployDirectory 웹 애플리케이션 디렉토리 [/Users/chan6502/Desktop/apache-tomcat/webapps/docs]을(를) 배치합니다.
16-Nov-2023 15:01:56.325 INFO [main] org.apache.catalina.startup.HostConfig.deployDirectory 웹 애플리케이션 디렉토리 [/Users/chan6502/Desktop/apache-tomcat/webapps/docs]에 대한 배치가 [8] 밀리초에 완료되었습니다.
16-Nov-2023 15:01:56.326 INFO [main] org.apache.catalina.startup.HostConfig.deployDirectory 웹 애플리케이션 디렉토리 [/Users/chan6502/Desktop/apache-tomcat/webapps/manager]을(를) 배치합니다.
16-Nov-2023 15:01:56.337 INFO [main] org.apache.catalina.startup.HostConfig.deployDirectory 웹 애플리케이션 디렉토리 [/Users/chan6502/Desktop/apache-tomcat/webapps/manager]에 대한 배치가 [11] 밀리초에 완료되었습니다.
16-Nov-2023 15:01:56.338 INFO [main] org.apache.catalina.startup.HostConfig.deployDirectory 웹 애플리케이션 디렉토리 [/Users/chan6502/Desktop/apache-tomcat/webapps/examples]을(를) 배치합니다.
16-Nov-2023 15:01:56.399 INFO [main] org.apache.catalina.startup.HostConfig.deployDirectory 웹 애플리케이션 디렉토리 [/Users/chan6502/Desktop/apache-tomcat/webapps/examples]에 대한 배치가 [61] 밀리초에 완료되었습니다.
16-Nov-2023 15:01:56.399 INFO [main] org.apache.catalina.startup.HostConfig.deployDirectory 웹 애플리케이션 디렉토리 [/Users/chan6502/Desktop/apache-tomcat/webapps/ROOT]을(를) 배치합니다.
16-Nov-2023 15:01:56.805 INFO [main] org.apache.jasper.servlet.TldScanner.scanJars 적어도 하나의 JAR가 TLD들을 찾기 위해 스캔되었으나 아무 것도 찾지 못했습니다. 스캔했으나 TLD가 없는 JAR들의 전체 목록을 보시려면, 로그 레벨을 디버그 레벨로 설정하십시오. 스캔 과정에서 불필요한 JAR들을 건너뛰면, 시스템 시작 시간과 JSP 컴파일 시간을 단축시킬 수 있습니다.
16-Nov-2023 15:01:57.130 INFO [main] org.apache.catalina.startup.HostConfig.deployDirectory 웹 애플리케이션 디렉토리 [/Users/chan6502/Desktop/apache-tomcat/webapps/ROOT]에 대한 배치가 [731] 밀리초에 완료되었습니다.
16-Nov-2023 15:01:57.130 INFO [main] org.apache.catalina.startup.HostConfig.deployDirectory 웹 애플리케이션 디렉토리 [/Users/chan6502/Desktop/apache-tomcat/webapps/host-manager]을(를) 배치합니다.
16-Nov-2023 15:01:57.137 INFO [main] org.apache.catalina.startup.HostConfig.deployDirectory 웹 애플리케이션 디렉토리 [/Users/chan6502/Desktop/apache-tomcat/webapps/host-manager]에 대한 배치가 [7] 밀리초에 완료되었습니다.
16-Nov-2023 15:01:57.139 INFO [main] org.apache.coyote.AbstractProtocol.start 프로토콜 핸들러 ["http-nio-0.0.0.0-8090"]을(를) 시작합니다.
16-Nov-2023 15:01:57.144 INFO [main] org.apache.catalina.startup.Catalina.start 서버가 [3076] 밀리초 내에 시작되었습니다.
16-Nov-2023 15:02:31.419 INFO [main] org.apache.catalina.core.StandardServer.await 셧다운 포트를 통해 유효한 셧다운 명령을 받았습니다. 서버 인스턴스를 중지시킵니다.
16-Nov-2023 15:02:31.419 INFO [main] org.apache.coyote.AbstractProtocol.pause 프로토콜 핸들러 ["http-nio-0.0.0.0-8090"]을(를) 일시 정지 중
16-Nov-2023 15:02:31.422 INFO [main] org.apache.catalina.core.StandardService.stopInternal 서비스 [Catalina]을(를) 중지시킵니다.
16-Nov-2023 15:02:31.455 WARNING [main] org.apache.catalina.loader.WebappClassLoaderBase.clearReferencesJdbc 웹 애플리케이션 [library]이(가) JDBC 드라이버 [org.mariadb.jdbc.Driver]을(를) 등록했지만, 웹 애플리케이션이 중지될 때, 해당 JDBC 드라이버의 등록을 제거하지 못했습니다. 메모리 누수를 방지하기 위하여, 등록을 강제로 제거했습니다.
16-Nov-2023 15:02:31.466 INFO [main] org.apache.coyote.AbstractProtocol.stop 프로토콜 핸들러 ["http-nio-0.0.0.0-8090"]을(를) 중지시킵니다.
16-Nov-2023 15:02:31.473 INFO [main] org.apache.coyote.AbstractProtocol.destroy 프로토콜 핸들러 ["http-nio-0.0.0.0-8090"]을(를) 소멸시킵니다.
