21-Nov-2023 22:28:19.633 INFO [main] org.apache.catalina.startup.VersionLoggerListener.log 서버 버전 이름:    Apache Tomcat/9.0.82
21-Nov-2023 22:28:19.635 INFO [main] org.apache.catalina.startup.VersionLoggerListener.log Server 빌드 시각:  Oct 11 2023 13:15:08 UTC
21-Nov-2023 22:28:19.635 INFO [main] org.apache.catalina.startup.VersionLoggerListener.log Server 버전 번호:  9.0.82.0
21-Nov-2023 22:28:19.635 INFO [main] org.apache.catalina.startup.VersionLoggerListener.log 운영체제 이름:     Mac OS X
21-Nov-2023 22:28:19.636 INFO [main] org.apache.catalina.startup.VersionLoggerListener.log 운영체제 버전:     14.1.1
21-Nov-2023 22:28:19.636 INFO [main] org.apache.catalina.startup.VersionLoggerListener.log 아키텍처:          aarch64
21-Nov-2023 22:28:19.636 INFO [main] org.apache.catalina.startup.VersionLoggerListener.log 자바 홈:           /Library/Java/JavaVirtualMachines/jdk-11.jdk/Contents/Home
21-Nov-2023 22:28:19.636 INFO [main] org.apache.catalina.startup.VersionLoggerListener.log JVM 버전:          11.0.20+9-LTS-256
21-Nov-2023 22:28:19.636 INFO [main] org.apache.catalina.startup.VersionLoggerListener.log JVM 벤더:          Oracle Corporation
21-Nov-2023 22:28:19.636 INFO [main] org.apache.catalina.startup.VersionLoggerListener.log CATALINA_BASE:     /Users/chan6502/Desktop/webserver/apache-tomcat
21-Nov-2023 22:28:19.636 INFO [main] org.apache.catalina.startup.VersionLoggerListener.log CATALINA_HOME:     /Users/chan6502/Desktop/webserver/apache-tomcat
21-Nov-2023 22:28:19.645 INFO [main] org.apache.catalina.startup.VersionLoggerListener.log 명령 행 아규먼트:  --add-opens=java.base/java.lang=ALL-UNNAMED
21-Nov-2023 22:28:19.645 INFO [main] org.apache.catalina.startup.VersionLoggerListener.log 명령 행 아규먼트:  --add-opens=java.base/java.io=ALL-UNNAMED
21-Nov-2023 22:28:19.645 INFO [main] org.apache.catalina.startup.VersionLoggerListener.log 명령 행 아규먼트:  --add-opens=java.base/java.util=ALL-UNNAMED
21-Nov-2023 22:28:19.645 INFO [main] org.apache.catalina.startup.VersionLoggerListener.log 명령 행 아규먼트:  --add-opens=java.base/java.util.concurrent=ALL-UNNAMED
21-Nov-2023 22:28:19.645 INFO [main] org.apache.catalina.startup.VersionLoggerListener.log 명령 행 아규먼트:  --add-opens=java.rmi/sun.rmi.transport=ALL-UNNAMED
21-Nov-2023 22:28:19.645 INFO [main] org.apache.catalina.startup.VersionLoggerListener.log 명령 행 아규먼트:  -Djava.util.logging.config.file=/Users/chan6502/Desktop/webserver/apache-tomcat/conf/logging.properties
21-Nov-2023 22:28:19.645 INFO [main] org.apache.catalina.startup.VersionLoggerListener.log 명령 행 아규먼트:  -Djava.util.logging.manager=org.apache.juli.ClassLoaderLogManager
21-Nov-2023 22:28:19.645 INFO [main] org.apache.catalina.startup.VersionLoggerListener.log 명령 행 아규먼트:  -Djdk.tls.ephemeralDHKeySize=2048
21-Nov-2023 22:28:19.645 INFO [main] org.apache.catalina.startup.VersionLoggerListener.log 명령 행 아규먼트:  -Djava.protocol.handler.pkgs=org.apache.catalina.webresources
21-Nov-2023 22:28:19.645 INFO [main] org.apache.catalina.startup.VersionLoggerListener.log 명령 행 아규먼트:  -Dorg.apache.catalina.security.SecurityListener.UMASK=0027
21-Nov-2023 22:28:19.645 INFO [main] org.apache.catalina.startup.VersionLoggerListener.log 명령 행 아규먼트:  -Dignore.endorsed.dirs=
21-Nov-2023 22:28:19.645 INFO [main] org.apache.catalina.startup.VersionLoggerListener.log 명령 행 아규먼트:  -Dcatalina.base=/Users/chan6502/Desktop/webserver/apache-tomcat
21-Nov-2023 22:28:19.645 INFO [main] org.apache.catalina.startup.VersionLoggerListener.log 명령 행 아규먼트:  -Dcatalina.home=/Users/chan6502/Desktop/webserver/apache-tomcat
21-Nov-2023 22:28:19.645 INFO [main] org.apache.catalina.startup.VersionLoggerListener.log 명령 행 아규먼트:  -Djava.io.tmpdir=/Users/chan6502/Desktop/webserver/apache-tomcat/temp
21-Nov-2023 22:28:19.650 INFO [main] org.apache.catalina.core.AprLifecycleListener.lifecycleEvent 프로덕션 환경들에서 최적의 성능을 제공하는, APR 기반 Apache Tomcat Native 라이브러리가, 다음 java.library.path에서 발견되지 않습니다: [/Users/chan6502/Library/Java/Extensions:/Library/Java/Extensions:/Network/Library/Java/Extensions:/System/Library/Java/Extensions:/usr/lib/java:.]
21-Nov-2023 22:28:19.796 INFO [main] org.apache.coyote.AbstractProtocol.init 프로토콜 핸들러 ["http-nio-0.0.0.0-8090"]을(를) 초기화합니다.
21-Nov-2023 22:28:19.809 INFO [main] org.apache.catalina.startup.Catalina.load [292] 밀리초 내에 서버가 초기화되었습니다.
21-Nov-2023 22:28:19.837 INFO [main] org.apache.catalina.core.StandardService.startInternal 서비스 [Catalina]을(를) 시작합니다.
21-Nov-2023 22:28:19.837 INFO [main] org.apache.catalina.core.StandardEngine.startInternal 서버 엔진을 시작합니다: [Apache Tomcat/9.0.82]
21-Nov-2023 22:28:19.844 INFO [main] org.apache.catalina.startup.HostConfig.deployWAR 웹 애플리케이션 아카이브 [/Users/chan6502/Desktop/webserver/apache-tomcat/webapps/ROOT.war]을(를) 배치합니다.
21-Nov-2023 22:28:19.853 INFO [main] org.apache.catalina.startup.ExpandWar.expand 압축이 풀려진 디렉토리 [/Users/chan6502/Desktop/webserver/apache-tomcat/webapps/ROOT]의 최종 변경 시간이, 연관된 WAR의 최종 변경 시간과 부합하지 않습니다. 해당 디렉토리는 삭제될 것입니다.
21-Nov-2023 22:28:20.578 INFO [main] org.apache.jasper.servlet.TldScanner.scanJars 적어도 하나의 JAR가 TLD들을 찾기 위해 스캔되었으나 아무 것도 찾지 못했습니다. 스캔했으나 TLD가 없는 JAR들의 전체 목록을 보시려면, 로그 레벨을 디버그 레벨로 설정하십시오. 스캔 과정에서 불필요한 JAR들을 건너뛰면, 시스템 시작 시간과 JSP 컴파일 시간을 단축시킬 수 있습니다.
21-Nov-2023 22:28:21.088 INFO [main] org.apache.catalina.startup.HostConfig.deployWAR 웹 애플리케이션 아카이브 [/Users/chan6502/Desktop/webserver/apache-tomcat/webapps/ROOT.war]의 배치가 [1,243] 밀리초에 완료되었습니다.
21-Nov-2023 22:28:21.089 INFO [main] org.apache.catalina.startup.HostConfig.deployDirectory 웹 애플리케이션 디렉토리 [/Users/chan6502/Desktop/webserver/apache-tomcat/webapps/docs]을(를) 배치합니다.
21-Nov-2023 22:28:21.098 INFO [main] org.apache.catalina.startup.HostConfig.deployDirectory 웹 애플리케이션 디렉토리 [/Users/chan6502/Desktop/webserver/apache-tomcat/webapps/docs]에 대한 배치가 [8] 밀리초에 완료되었습니다.
21-Nov-2023 22:28:21.098 INFO [main] org.apache.catalina.startup.HostConfig.deployDirectory 웹 애플리케이션 디렉토리 [/Users/chan6502/Desktop/webserver/apache-tomcat/webapps/manager]을(를) 배치합니다.
21-Nov-2023 22:28:21.111 INFO [main] org.apache.catalina.startup.HostConfig.deployDirectory 웹 애플리케이션 디렉토리 [/Users/chan6502/Desktop/webserver/apache-tomcat/webapps/manager]에 대한 배치가 [13] 밀리초에 완료되었습니다.
21-Nov-2023 22:28:21.111 INFO [main] org.apache.catalina.startup.HostConfig.deployDirectory 웹 애플리케이션 디렉토리 [/Users/chan6502/Desktop/webserver/apache-tomcat/webapps/examples]을(를) 배치합니다.
21-Nov-2023 22:28:21.182 INFO [main] org.apache.catalina.startup.HostConfig.deployDirectory 웹 애플리케이션 디렉토리 [/Users/chan6502/Desktop/webserver/apache-tomcat/webapps/examples]에 대한 배치가 [70] 밀리초에 완료되었습니다.
21-Nov-2023 22:28:21.182 INFO [main] org.apache.catalina.startup.HostConfig.deployDirectory 웹 애플리케이션 디렉토리 [/Users/chan6502/Desktop/webserver/apache-tomcat/webapps/host-manager]을(를) 배치합니다.
21-Nov-2023 22:28:21.190 INFO [main] org.apache.catalina.startup.HostConfig.deployDirectory 웹 애플리케이션 디렉토리 [/Users/chan6502/Desktop/webserver/apache-tomcat/webapps/host-manager]에 대한 배치가 [8] 밀리초에 완료되었습니다.
21-Nov-2023 22:28:21.192 INFO [main] org.apache.coyote.AbstractProtocol.start 프로토콜 핸들러 ["http-nio-0.0.0.0-8090"]을(를) 시작합니다.
21-Nov-2023 22:28:21.198 INFO [main] org.apache.catalina.startup.Catalina.start 서버가 [1388] 밀리초 내에 시작되었습니다.
21-Nov-2023 22:29:07.463 INFO [main] org.apache.catalina.startup.VersionLoggerListener.log 서버 버전 이름:    Apache Tomcat/9.0.82
21-Nov-2023 22:29:07.465 INFO [main] org.apache.catalina.startup.VersionLoggerListener.log Server 빌드 시각:  Oct 11 2023 13:15:08 UTC
21-Nov-2023 22:29:07.465 INFO [main] org.apache.catalina.startup.VersionLoggerListener.log Server 버전 번호:  9.0.82.0
21-Nov-2023 22:29:07.465 INFO [main] org.apache.catalina.startup.VersionLoggerListener.log 운영체제 이름:     Mac OS X
21-Nov-2023 22:29:07.465 INFO [main] org.apache.catalina.startup.VersionLoggerListener.log 운영체제 버전:     14.1.1
21-Nov-2023 22:29:07.465 INFO [main] org.apache.catalina.startup.VersionLoggerListener.log 아키텍처:          aarch64
21-Nov-2023 22:29:07.465 INFO [main] org.apache.catalina.startup.VersionLoggerListener.log 자바 홈:           /Library/Java/JavaVirtualMachines/jdk-11.jdk/Contents/Home
21-Nov-2023 22:29:07.465 INFO [main] org.apache.catalina.startup.VersionLoggerListener.log JVM 버전:          11.0.20+9-LTS-256
21-Nov-2023 22:29:07.465 INFO [main] org.apache.catalina.startup.VersionLoggerListener.log JVM 벤더:          Oracle Corporation
21-Nov-2023 22:29:07.465 INFO [main] org.apache.catalina.startup.VersionLoggerListener.log CATALINA_BASE:     /Users/chan6502/Desktop/webserver/apache-tomcat
21-Nov-2023 22:29:07.466 INFO [main] org.apache.catalina.startup.VersionLoggerListener.log CATALINA_HOME:     /Users/chan6502/Desktop/webserver/apache-tomcat
21-Nov-2023 22:29:07.472 INFO [main] org.apache.catalina.startup.VersionLoggerListener.log 명령 행 아규먼트:  --add-opens=java.base/java.lang=ALL-UNNAMED
21-Nov-2023 22:29:07.472 INFO [main] org.apache.catalina.startup.VersionLoggerListener.log 명령 행 아규먼트:  --add-opens=java.base/java.io=ALL-UNNAMED
21-Nov-2023 22:29:07.472 INFO [main] org.apache.catalina.startup.VersionLoggerListener.log 명령 행 아규먼트:  --add-opens=java.base/java.util=ALL-UNNAMED
21-Nov-2023 22:29:07.472 INFO [main] org.apache.catalina.startup.VersionLoggerListener.log 명령 행 아규먼트:  --add-opens=java.base/java.util.concurrent=ALL-UNNAMED
21-Nov-2023 22:29:07.472 INFO [main] org.apache.catalina.startup.VersionLoggerListener.log 명령 행 아규먼트:  --add-opens=java.rmi/sun.rmi.transport=ALL-UNNAMED
21-Nov-2023 22:29:07.472 INFO [main] org.apache.catalina.startup.VersionLoggerListener.log 명령 행 아규먼트:  -Djava.util.logging.config.file=/Users/chan6502/Desktop/webserver/apache-tomcat/conf/logging.properties
21-Nov-2023 22:29:07.472 INFO [main] org.apache.catalina.startup.VersionLoggerListener.log 명령 행 아규먼트:  -Djava.util.logging.manager=org.apache.juli.ClassLoaderLogManager
21-Nov-2023 22:29:07.472 INFO [main] org.apache.catalina.startup.VersionLoggerListener.log 명령 행 아규먼트:  -Djdk.tls.ephemeralDHKeySize=2048
21-Nov-2023 22:29:07.472 INFO [main] org.apache.catalina.startup.VersionLoggerListener.log 명령 행 아규먼트:  -Djava.protocol.handler.pkgs=org.apache.catalina.webresources
21-Nov-2023 22:29:07.472 INFO [main] org.apache.catalina.startup.VersionLoggerListener.log 명령 행 아규먼트:  -Dorg.apache.catalina.security.SecurityListener.UMASK=0027
21-Nov-2023 22:29:07.472 INFO [main] org.apache.catalina.startup.VersionLoggerListener.log 명령 행 아규먼트:  -Dignore.endorsed.dirs=
21-Nov-2023 22:29:07.472 INFO [main] org.apache.catalina.startup.VersionLoggerListener.log 명령 행 아규먼트:  -Dcatalina.base=/Users/chan6502/Desktop/webserver/apache-tomcat
21-Nov-2023 22:29:07.472 INFO [main] org.apache.catalina.startup.VersionLoggerListener.log 명령 행 아규먼트:  -Dcatalina.home=/Users/chan6502/Desktop/webserver/apache-tomcat
21-Nov-2023 22:29:07.473 INFO [main] org.apache.catalina.startup.VersionLoggerListener.log 명령 행 아규먼트:  -Djava.io.tmpdir=/Users/chan6502/Desktop/webserver/apache-tomcat/temp
21-Nov-2023 22:29:07.477 INFO [main] org.apache.catalina.core.AprLifecycleListener.lifecycleEvent 프로덕션 환경들에서 최적의 성능을 제공하는, APR 기반 Apache Tomcat Native 라이브러리가, 다음 java.library.path에서 발견되지 않습니다: [/Users/chan6502/Library/Java/Extensions:/Library/Java/Extensions:/Network/Library/Java/Extensions:/System/Library/Java/Extensions:/usr/lib/java:.]
21-Nov-2023 22:29:07.614 INFO [main] org.apache.coyote.AbstractProtocol.init 프로토콜 핸들러 ["http-nio-0.0.0.0-80"]을(를) 초기화합니다.
21-Nov-2023 22:29:07.626 INFO [main] org.apache.catalina.startup.Catalina.load [271] 밀리초 내에 서버가 초기화되었습니다.
21-Nov-2023 22:29:07.649 INFO [main] org.apache.catalina.core.StandardService.startInternal 서비스 [Catalina]을(를) 시작합니다.
21-Nov-2023 22:29:07.649 INFO [main] org.apache.catalina.core.StandardEngine.startInternal 서버 엔진을 시작합니다: [Apache Tomcat/9.0.82]
21-Nov-2023 22:29:07.657 INFO [main] org.apache.catalina.startup.HostConfig.deployWAR 웹 애플리케이션 아카이브 [/Users/chan6502/Desktop/webserver/apache-tomcat/webapps/ROOT.war]을(를) 배치합니다.
21-Nov-2023 22:29:08.289 INFO [main] org.apache.jasper.servlet.TldScanner.scanJars 적어도 하나의 JAR가 TLD들을 찾기 위해 스캔되었으나 아무 것도 찾지 못했습니다. 스캔했으나 TLD가 없는 JAR들의 전체 목록을 보시려면, 로그 레벨을 디버그 레벨로 설정하십시오. 스캔 과정에서 불필요한 JAR들을 건너뛰면, 시스템 시작 시간과 JSP 컴파일 시간을 단축시킬 수 있습니다.
21-Nov-2023 22:29:08.813 INFO [main] org.apache.catalina.startup.HostConfig.deployWAR 웹 애플리케이션 아카이브 [/Users/chan6502/Desktop/webserver/apache-tomcat/webapps/ROOT.war]의 배치가 [1,155] 밀리초에 완료되었습니다.
21-Nov-2023 22:29:08.813 INFO [main] org.apache.catalina.startup.HostConfig.deployDirectory 웹 애플리케이션 디렉토리 [/Users/chan6502/Desktop/webserver/apache-tomcat/webapps/docs]을(를) 배치합니다.
21-Nov-2023 22:29:08.823 INFO [main] org.apache.catalina.startup.HostConfig.deployDirectory 웹 애플리케이션 디렉토리 [/Users/chan6502/Desktop/webserver/apache-tomcat/webapps/docs]에 대한 배치가 [10] 밀리초에 완료되었습니다.
21-Nov-2023 22:29:08.823 INFO [main] org.apache.catalina.startup.HostConfig.deployDirectory 웹 애플리케이션 디렉토리 [/Users/chan6502/Desktop/webserver/apache-tomcat/webapps/manager]을(를) 배치합니다.
21-Nov-2023 22:29:08.837 INFO [main] org.apache.catalina.startup.HostConfig.deployDirectory 웹 애플리케이션 디렉토리 [/Users/chan6502/Desktop/webserver/apache-tomcat/webapps/manager]에 대한 배치가 [14] 밀리초에 완료되었습니다.
21-Nov-2023 22:29:08.837 INFO [main] org.apache.catalina.startup.HostConfig.deployDirectory 웹 애플리케이션 디렉토리 [/Users/chan6502/Desktop/webserver/apache-tomcat/webapps/examples]을(를) 배치합니다.
21-Nov-2023 22:29:08.912 INFO [main] org.apache.catalina.startup.HostConfig.deployDirectory 웹 애플리케이션 디렉토리 [/Users/chan6502/Desktop/webserver/apache-tomcat/webapps/examples]에 대한 배치가 [75] 밀리초에 완료되었습니다.
21-Nov-2023 22:29:08.912 INFO [main] org.apache.catalina.startup.HostConfig.deployDirectory 웹 애플리케이션 디렉토리 [/Users/chan6502/Desktop/webserver/apache-tomcat/webapps/host-manager]을(를) 배치합니다.
21-Nov-2023 22:29:08.920 INFO [main] org.apache.catalina.startup.HostConfig.deployDirectory 웹 애플리케이션 디렉토리 [/Users/chan6502/Desktop/webserver/apache-tomcat/webapps/host-manager]에 대한 배치가 [8] 밀리초에 완료되었습니다.
21-Nov-2023 22:29:08.923 INFO [main] org.apache.coyote.AbstractProtocol.start 프로토콜 핸들러 ["http-nio-0.0.0.0-80"]을(를) 시작합니다.
21-Nov-2023 22:29:08.927 INFO [main] org.apache.catalina.startup.Catalina.start 서버가 [1300] 밀리초 내에 시작되었습니다.
21-Nov-2023 22:29:08.930 SEVERE [main] org.apache.catalina.core.StandardServer.await 주소 [localhost]와(과) 포트 [8005]에, 서버 셧다운 소켓을 생성하지 못했습니다. (base 포트 [8005], offset [0])
	java.net.BindException: Address already in use (Bind failed)
		at java.base/java.net.PlainSocketImpl.socketBind(Native Method)
		at java.base/java.net.AbstractPlainSocketImpl.bind(AbstractPlainSocketImpl.java:452)
		at java.base/java.net.ServerSocket.bind(ServerSocket.java:381)
		at java.base/java.net.ServerSocket.<init>(ServerSocket.java:243)
		at org.apache.catalina.core.StandardServer.await(StandardServer.java:581)
		at org.apache.catalina.startup.Catalina.await(Catalina.java:864)
		at org.apache.catalina.startup.Catalina.start(Catalina.java:810)
		at java.base/jdk.internal.reflect.NativeMethodAccessorImpl.invoke0(Native Method)
		at java.base/jdk.internal.reflect.NativeMethodAccessorImpl.invoke(NativeMethodAccessorImpl.java:62)
		at java.base/jdk.internal.reflect.DelegatingMethodAccessorImpl.invoke(DelegatingMethodAccessorImpl.java:43)
		at java.base/java.lang.reflect.Method.invoke(Method.java:566)
		at org.apache.catalina.startup.Bootstrap.start(Bootstrap.java:347)
		at org.apache.catalina.startup.Bootstrap.main(Bootstrap.java:478)
21-Nov-2023 22:29:08.932 INFO [main] org.apache.coyote.AbstractProtocol.pause 프로토콜 핸들러 ["http-nio-0.0.0.0-80"]을(를) 일시 정지 중
21-Nov-2023 22:29:08.935 INFO [main] org.apache.catalina.core.StandardService.stopInternal 서비스 [Catalina]을(를) 중지시킵니다.
21-Nov-2023 22:29:08.939 WARNING [main] org.apache.catalina.loader.WebappClassLoaderBase.clearReferencesJdbc 웹 애플리케이션 [ROOT]이(가) JDBC 드라이버 [org.mariadb.jdbc.Driver]을(를) 등록했지만, 웹 애플리케이션이 중지될 때, 해당 JDBC 드라이버의 등록을 제거하지 못했습니다. 메모리 누수를 방지하기 위하여, 등록을 강제로 제거했습니다.
21-Nov-2023 22:29:08.948 INFO [main] org.apache.coyote.AbstractProtocol.stop 프로토콜 핸들러 ["http-nio-0.0.0.0-80"]을(를) 중지시킵니다.
21-Nov-2023 22:29:08.958 INFO [main] org.apache.coyote.AbstractProtocol.destroy 프로토콜 핸들러 ["http-nio-0.0.0.0-80"]을(를) 소멸시킵니다.
21-Nov-2023 22:29:19.381 INFO [main] org.apache.catalina.core.StandardServer.await 셧다운 포트를 통해 유효한 셧다운 명령을 받았습니다. 서버 인스턴스를 중지시킵니다.
21-Nov-2023 22:29:19.382 INFO [main] org.apache.coyote.AbstractProtocol.pause 프로토콜 핸들러 ["http-nio-0.0.0.0-8090"]을(를) 일시 정지 중
21-Nov-2023 22:29:19.385 INFO [main] org.apache.catalina.core.StandardService.stopInternal 서비스 [Catalina]을(를) 중지시킵니다.
21-Nov-2023 22:29:19.391 WARNING [main] org.apache.catalina.loader.WebappClassLoaderBase.clearReferencesJdbc 웹 애플리케이션 [ROOT]이(가) JDBC 드라이버 [org.mariadb.jdbc.Driver]을(를) 등록했지만, 웹 애플리케이션이 중지될 때, 해당 JDBC 드라이버의 등록을 제거하지 못했습니다. 메모리 누수를 방지하기 위하여, 등록을 강제로 제거했습니다.
21-Nov-2023 22:29:19.399 INFO [main] org.apache.coyote.AbstractProtocol.stop 프로토콜 핸들러 ["http-nio-0.0.0.0-8090"]을(를) 중지시킵니다.
21-Nov-2023 22:29:19.411 INFO [main] org.apache.coyote.AbstractProtocol.destroy 프로토콜 핸들러 ["http-nio-0.0.0.0-8090"]을(를) 소멸시킵니다.
21-Nov-2023 22:29:21.179 INFO [main] org.apache.catalina.startup.VersionLoggerListener.log 서버 버전 이름:    Apache Tomcat/9.0.82
21-Nov-2023 22:29:21.180 INFO [main] org.apache.catalina.startup.VersionLoggerListener.log Server 빌드 시각:  Oct 11 2023 13:15:08 UTC
21-Nov-2023 22:29:21.180 INFO [main] org.apache.catalina.startup.VersionLoggerListener.log Server 버전 번호:  9.0.82.0
21-Nov-2023 22:29:21.181 INFO [main] org.apache.catalina.startup.VersionLoggerListener.log 운영체제 이름:     Mac OS X
21-Nov-2023 22:29:21.181 INFO [main] org.apache.catalina.startup.VersionLoggerListener.log 운영체제 버전:     14.1.1
21-Nov-2023 22:29:21.181 INFO [main] org.apache.catalina.startup.VersionLoggerListener.log 아키텍처:          aarch64
21-Nov-2023 22:29:21.181 INFO [main] org.apache.catalina.startup.VersionLoggerListener.log 자바 홈:           /Library/Java/JavaVirtualMachines/jdk-11.jdk/Contents/Home
21-Nov-2023 22:29:21.181 INFO [main] org.apache.catalina.startup.VersionLoggerListener.log JVM 버전:          11.0.20+9-LTS-256
21-Nov-2023 22:29:21.181 INFO [main] org.apache.catalina.startup.VersionLoggerListener.log JVM 벤더:          Oracle Corporation
21-Nov-2023 22:29:21.181 INFO [main] org.apache.catalina.startup.VersionLoggerListener.log CATALINA_BASE:     /Users/chan6502/Desktop/webserver/apache-tomcat
21-Nov-2023 22:29:21.181 INFO [main] org.apache.catalina.startup.VersionLoggerListener.log CATALINA_HOME:     /Users/chan6502/Desktop/webserver/apache-tomcat
21-Nov-2023 22:29:21.187 INFO [main] org.apache.catalina.startup.VersionLoggerListener.log 명령 행 아규먼트:  --add-opens=java.base/java.lang=ALL-UNNAMED
21-Nov-2023 22:29:21.187 INFO [main] org.apache.catalina.startup.VersionLoggerListener.log 명령 행 아규먼트:  --add-opens=java.base/java.io=ALL-UNNAMED
21-Nov-2023 22:29:21.187 INFO [main] org.apache.catalina.startup.VersionLoggerListener.log 명령 행 아규먼트:  --add-opens=java.base/java.util=ALL-UNNAMED
21-Nov-2023 22:29:21.187 INFO [main] org.apache.catalina.startup.VersionLoggerListener.log 명령 행 아규먼트:  --add-opens=java.base/java.util.concurrent=ALL-UNNAMED
21-Nov-2023 22:29:21.187 INFO [main] org.apache.catalina.startup.VersionLoggerListener.log 명령 행 아규먼트:  --add-opens=java.rmi/sun.rmi.transport=ALL-UNNAMED
21-Nov-2023 22:29:21.187 INFO [main] org.apache.catalina.startup.VersionLoggerListener.log 명령 행 아규먼트:  -Djava.util.logging.config.file=/Users/chan6502/Desktop/webserver/apache-tomcat/conf/logging.properties
21-Nov-2023 22:29:21.187 INFO [main] org.apache.catalina.startup.VersionLoggerListener.log 명령 행 아규먼트:  -Djava.util.logging.manager=org.apache.juli.ClassLoaderLogManager
21-Nov-2023 22:29:21.187 INFO [main] org.apache.catalina.startup.VersionLoggerListener.log 명령 행 아규먼트:  -Djdk.tls.ephemeralDHKeySize=2048
21-Nov-2023 22:29:21.188 INFO [main] org.apache.catalina.startup.VersionLoggerListener.log 명령 행 아규먼트:  -Djava.protocol.handler.pkgs=org.apache.catalina.webresources
21-Nov-2023 22:29:21.188 INFO [main] org.apache.catalina.startup.VersionLoggerListener.log 명령 행 아규먼트:  -Dorg.apache.catalina.security.SecurityListener.UMASK=0027
21-Nov-2023 22:29:21.188 INFO [main] org.apache.catalina.startup.VersionLoggerListener.log 명령 행 아규먼트:  -Dignore.endorsed.dirs=
21-Nov-2023 22:29:21.188 INFO [main] org.apache.catalina.startup.VersionLoggerListener.log 명령 행 아규먼트:  -Dcatalina.base=/Users/chan6502/Desktop/webserver/apache-tomcat
21-Nov-2023 22:29:21.188 INFO [main] org.apache.catalina.startup.VersionLoggerListener.log 명령 행 아규먼트:  -Dcatalina.home=/Users/chan6502/Desktop/webserver/apache-tomcat
21-Nov-2023 22:29:21.188 INFO [main] org.apache.catalina.startup.VersionLoggerListener.log 명령 행 아규먼트:  -Djava.io.tmpdir=/Users/chan6502/Desktop/webserver/apache-tomcat/temp
21-Nov-2023 22:29:21.192 INFO [main] org.apache.catalina.core.AprLifecycleListener.lifecycleEvent 프로덕션 환경들에서 최적의 성능을 제공하는, APR 기반 Apache Tomcat Native 라이브러리가, 다음 java.library.path에서 발견되지 않습니다: [/Users/chan6502/Library/Java/Extensions:/Library/Java/Extensions:/Network/Library/Java/Extensions:/System/Library/Java/Extensions:/usr/lib/java:.]
21-Nov-2023 22:29:21.331 INFO [main] org.apache.coyote.AbstractProtocol.init 프로토콜 핸들러 ["http-nio-0.0.0.0-80"]을(를) 초기화합니다.
21-Nov-2023 22:29:21.342 INFO [main] org.apache.catalina.startup.Catalina.load [264] 밀리초 내에 서버가 초기화되었습니다.
21-Nov-2023 22:29:21.368 INFO [main] org.apache.catalina.core.StandardService.startInternal 서비스 [Catalina]을(를) 시작합니다.
21-Nov-2023 22:29:21.369 INFO [main] org.apache.catalina.core.StandardEngine.startInternal 서버 엔진을 시작합니다: [Apache Tomcat/9.0.82]
21-Nov-2023 22:29:21.376 INFO [main] org.apache.catalina.startup.HostConfig.deployWAR 웹 애플리케이션 아카이브 [/Users/chan6502/Desktop/webserver/apache-tomcat/webapps/ROOT.war]을(를) 배치합니다.
21-Nov-2023 22:29:21.987 INFO [main] org.apache.jasper.servlet.TldScanner.scanJars 적어도 하나의 JAR가 TLD들을 찾기 위해 스캔되었으나 아무 것도 찾지 못했습니다. 스캔했으나 TLD가 없는 JAR들의 전체 목록을 보시려면, 로그 레벨을 디버그 레벨로 설정하십시오. 스캔 과정에서 불필요한 JAR들을 건너뛰면, 시스템 시작 시간과 JSP 컴파일 시간을 단축시킬 수 있습니다.
21-Nov-2023 22:29:22.473 INFO [main] org.apache.catalina.startup.HostConfig.deployWAR 웹 애플리케이션 아카이브 [/Users/chan6502/Desktop/webserver/apache-tomcat/webapps/ROOT.war]의 배치가 [1,096] 밀리초에 완료되었습니다.
21-Nov-2023 22:29:22.473 INFO [main] org.apache.catalina.startup.HostConfig.deployDirectory 웹 애플리케이션 디렉토리 [/Users/chan6502/Desktop/webserver/apache-tomcat/webapps/docs]을(를) 배치합니다.
21-Nov-2023 22:29:22.481 INFO [main] org.apache.catalina.startup.HostConfig.deployDirectory 웹 애플리케이션 디렉토리 [/Users/chan6502/Desktop/webserver/apache-tomcat/webapps/docs]에 대한 배치가 [8] 밀리초에 완료되었습니다.
21-Nov-2023 22:29:22.481 INFO [main] org.apache.catalina.startup.HostConfig.deployDirectory 웹 애플리케이션 디렉토리 [/Users/chan6502/Desktop/webserver/apache-tomcat/webapps/manager]을(를) 배치합니다.
21-Nov-2023 22:29:22.494 INFO [main] org.apache.catalina.startup.HostConfig.deployDirectory 웹 애플리케이션 디렉토리 [/Users/chan6502/Desktop/webserver/apache-tomcat/webapps/manager]에 대한 배치가 [13] 밀리초에 완료되었습니다.
21-Nov-2023 22:29:22.494 INFO [main] org.apache.catalina.startup.HostConfig.deployDirectory 웹 애플리케이션 디렉토리 [/Users/chan6502/Desktop/webserver/apache-tomcat/webapps/examples]을(를) 배치합니다.
21-Nov-2023 22:29:22.560 INFO [main] org.apache.catalina.startup.HostConfig.deployDirectory 웹 애플리케이션 디렉토리 [/Users/chan6502/Desktop/webserver/apache-tomcat/webapps/examples]에 대한 배치가 [65] 밀리초에 완료되었습니다.
21-Nov-2023 22:29:22.560 INFO [main] org.apache.catalina.startup.HostConfig.deployDirectory 웹 애플리케이션 디렉토리 [/Users/chan6502/Desktop/webserver/apache-tomcat/webapps/host-manager]을(를) 배치합니다.
21-Nov-2023 22:29:22.567 INFO [main] org.apache.catalina.startup.HostConfig.deployDirectory 웹 애플리케이션 디렉토리 [/Users/chan6502/Desktop/webserver/apache-tomcat/webapps/host-manager]에 대한 배치가 [7] 밀리초에 완료되었습니다.
21-Nov-2023 22:29:22.570 INFO [main] org.apache.coyote.AbstractProtocol.start 프로토콜 핸들러 ["http-nio-0.0.0.0-80"]을(를) 시작합니다.
21-Nov-2023 22:29:22.575 INFO [main] org.apache.catalina.startup.Catalina.start 서버가 [1232] 밀리초 내에 시작되었습니다.
